{"D:\\Project\\capstone-projects\\tenan-project\\tenan-api\\index.js": {"path":"D:\\Project\\capstone-projects\\tenan-project\\tenan-api\\index.js","statementMap":{"0":{"start":{"line":1,"column":16},"end":{"line":1,"column":34}},"1":{"start":{"line":2,"column":0},"end":{"line":2,"column":27}},"2":{"start":{"line":3,"column":18},"end":{"line":3,"column":50}},"3":{"start":{"line":4,"column":22},"end":{"line":4,"column":58}},"4":{"start":{"line":5,"column":22},"end":{"line":5,"column":58}},"5":{"start":{"line":6,"column":15},"end":{"line":6,"column":50}},"6":{"start":{"line":9,"column":0},"end":{"line":15,"column":7}},"7":{"start":{"line":11,"column":6},"end":{"line":11,"column":56}},"8":{"start":{"line":14,"column":6},"end":{"line":14,"column":64}},"9":{"start":{"line":17,"column":12},"end":{"line":17,"column":21}},"10":{"start":{"line":18,"column":13},"end":{"line":18,"column":29}},"11":{"start":{"line":21,"column":17},"end":{"line":21,"column":33}},"12":{"start":{"line":23,"column":0},"end":{"line":23,"column":24}},"13":{"start":{"line":24,"column":0},"end":{"line":24,"column":46}},"14":{"start":{"line":26,"column":0},"end":{"line":31,"column":3}},"15":{"start":{"line":27,"column":2},"end":{"line":30,"column":42}},"16":{"start":{"line":33,"column":0},"end":{"line":33,"column":33}},"17":{"start":{"line":34,"column":0},"end":{"line":34,"column":41}},"18":{"start":{"line":35,"column":0},"end":{"line":35,"column":41}},"19":{"start":{"line":37,"column":0},"end":{"line":37,"column":25}},"20":{"start":{"line":40,"column":0},"end":{"line":48,"column":3}},"21":{"start":{"line":41,"column":2},"end":{"line":47,"column":5}},"22":{"start":{"line":50,"column":0},"end":{"line":54,"column":1}},"23":{"start":{"line":51,"column":2},"end":{"line":53,"column":5}},"24":{"start":{"line":52,"column":4},"end":{"line":52,"column":67}},"25":{"start":{"line":56,"column":0},"end":{"line":56,"column":21}}},"fnMap":{"0":{"name":"(anonymous_0)","decl":{"start":{"line":10,"column":10},"end":{"line":10,"column":11}},"loc":{"start":{"line":10,"column":23},"end":{"line":12,"column":5}},"line":10},"1":{"name":"(anonymous_1)","decl":{"start":{"line":13,"column":11},"end":{"line":13,"column":12}},"loc":{"start":{"line":13,"column":22},"end":{"line":15,"column":5}},"line":13},"2":{"name":"(anonymous_2)","decl":{"start":{"line":26,"column":13},"end":{"line":26,"column":14}},"loc":{"start":{"line":26,"column":27},"end":{"line":31,"column":1}},"line":26},"3":{"name":"(anonymous_3)","decl":{"start":{"line":40,"column":8},"end":{"line":40,"column":9}},"loc":{"start":{"line":40,"column":33},"end":{"line":48,"column":1}},"line":40},"4":{"name":"(anonymous_4)","decl":{"start":{"line":51,"column":19},"end":{"line":51,"column":20}},"loc":{"start":{"line":51,"column":25},"end":{"line":53,"column":3}},"line":51}},"branchMap":{"0":{"loc":{"start":{"line":50,"column":0},"end":{"line":54,"column":1}},"type":"if","locations":[{"start":{"line":50,"column":0},"end":{"line":54,"column":1}},{"start":{},"end":{}}],"line":50},"1":{"loc":{"start":{"line":50,"column":5},"end":{"line":50,"column":31}},"type":"binary-expr","locations":[{"start":{"line":50,"column":5},"end":{"line":50,"column":25}},{"start":{"line":50,"column":29},"end":{"line":50,"column":31}}],"line":50}},"s":{"0":6,"1":6,"2":6,"3":6,"4":6,"5":6,"6":6,"7":6,"8":0,"9":6,"10":6,"11":6,"12":6,"13":6,"14":6,"15":1,"16":6,"17":6,"18":6,"19":6,"20":6,"21":1,"22":6,"23":0,"24":0,"25":6},"f":{"0":6,"1":0,"2":1,"3":1,"4":0},"b":{"0":[0,6],"1":[6,0]},"_coverageSchema":"1a1c01bbd47fc00a2c39e90264f33305004495a9","hash":"9f75dd529a93c6dcc032c8fc8dec402a53098688"}
,"D:\\Project\\capstone-projects\\tenan-project\\tenan-api\\configs\\data-source.js": {"path":"D:\\Project\\capstone-projects\\tenan-project\\tenan-api\\configs\\data-source.js","statementMap":{"0":{"start":{"line":1,"column":0},"end":{"line":1,"column":27}},"1":{"start":{"line":3,"column":13},"end":{"line":12,"column":2}},"2":{"start":{"line":14,"column":0},"end":{"line":14,"column":24}}},"fnMap":{},"branchMap":{},"s":{"0":8,"1":8,"2":8},"f":{},"b":{},"_coverageSchema":"1a1c01bbd47fc00a2c39e90264f33305004495a9","hash":"2d9ac24f63394631724f7d9da040b39b8292606e"}
,"D:\\Project\\capstone-projects\\tenan-project\\tenan-api\\controllers\\lodgingsController.js": {"path":"D:\\Project\\capstone-projects\\tenan-project\\tenan-api\\controllers\\lodgingsController.js","statementMap":{"0":{"start":{"line":1,"column":15},"end":{"line":1,"column":51}},"1":{"start":{"line":3,"column":23},"end":{"line":150,"column":1}},"2":{"start":{"line":4,"column":16},"end":{"line":4,"column":27}},"3":{"start":{"line":5,"column":15},"end":{"line":5,"column":29}},"4":{"start":{"line":6,"column":15},"end":{"line":6,"column":29}},"5":{"start":{"line":9,"column":21},"end":{"line":9,"column":70}},"6":{"start":{"line":12,"column":15},"end":{"line":12,"column":17}},"7":{"start":{"line":17,"column":2},"end":{"line":129,"column":3}},"8":{"start":{"line":18,"column":4},"end":{"line":45,"column":5}},"9":{"start":{"line":20,"column":25},"end":{"line":20,"column":67}},"10":{"start":{"line":21,"column":6},"end":{"line":21,"column":34}},"11":{"start":{"line":22,"column":6},"end":{"line":22,"column":42}},"12":{"start":{"line":25,"column":6},"end":{"line":35,"column":43}},"13":{"start":{"line":37,"column":6},"end":{"line":37,"column":27}},"14":{"start":{"line":38,"column":6},"end":{"line":44,"column":9}},"15":{"start":{"line":46,"column":9},"end":{"line":129,"column":3}},"16":{"start":{"line":47,"column":4},"end":{"line":87,"column":5}},"17":{"start":{"line":49,"column":25},"end":{"line":52,"column":30}},"18":{"start":{"line":53,"column":6},"end":{"line":53,"column":34}},"19":{"start":{"line":54,"column":6},"end":{"line":54,"column":42}},"20":{"start":{"line":56,"column":6},"end":{"line":68,"column":43}},"21":{"start":{"line":69,"column":6},"end":{"line":77,"column":7}},"22":{"start":{"line":70,"column":8},"end":{"line":76,"column":11}},"23":{"start":{"line":79,"column":6},"end":{"line":79,"column":27}},"24":{"start":{"line":80,"column":6},"end":{"line":86,"column":9}},"25":{"start":{"line":88,"column":9},"end":{"line":129,"column":3}},"26":{"start":{"line":89,"column":4},"end":{"line":128,"column":5}},"27":{"start":{"line":91,"column":25},"end":{"line":93,"column":30}},"28":{"start":{"line":94,"column":6},"end":{"line":94,"column":34}},"29":{"start":{"line":95,"column":6},"end":{"line":95,"column":42}},"30":{"start":{"line":97,"column":6},"end":{"line":109,"column":43}},"31":{"start":{"line":110,"column":6},"end":{"line":118,"column":7}},"32":{"start":{"line":111,"column":8},"end":{"line":117,"column":11}},"33":{"start":{"line":120,"column":6},"end":{"line":120,"column":27}},"34":{"start":{"line":121,"column":6},"end":{"line":127,"column":9}},"35":{"start":{"line":131,"column":2},"end":{"line":149,"column":3}},"36":{"start":{"line":132,"column":4},"end":{"line":138,"column":7}},"37":{"start":{"line":140,"column":4},"end":{"line":148,"column":7}},"38":{"start":{"line":152,"column":26},"end":{"line":208,"column":1}},"39":{"start":{"line":153,"column":2},"end":{"line":207,"column":3}},"40":{"start":{"line":154,"column":23},"end":{"line":154,"column":44}},"41":{"start":{"line":155,"column":20},"end":{"line":155,"column":25}},"42":{"start":{"line":156,"column":19},"end":{"line":156,"column":30}},"43":{"start":{"line":157,"column":4},"end":{"line":165,"column":5}},"44":{"start":{"line":158,"column":21},"end":{"line":161,"column":8}},"45":{"start":{"line":162,"column":6},"end":{"line":164,"column":7}},"46":{"start":{"line":163,"column":8},"end":{"line":163,"column":25}},"47":{"start":{"line":167,"column":20},"end":{"line":180,"column":16}},"48":{"start":{"line":182,"column":4},"end":{"line":197,"column":5}},"49":{"start":{"line":183,"column":6},"end":{"line":189,"column":9}},"50":{"start":{"line":191,"column":6},"end":{"line":191,"column":36}},"51":{"start":{"line":192,"column":6},"end":{"line":196,"column":9}},"52":{"start":{"line":199,"column":4},"end":{"line":199,"column":25}},"53":{"start":{"line":200,"column":4},"end":{"line":206,"column":7}},"54":{"start":{"line":210,"column":0},"end":{"line":213,"column":2}}},"fnMap":{"0":{"name":"(anonymous_0)","decl":{"start":{"line":3,"column":23},"end":{"line":3,"column":24}},"loc":{"start":{"line":3,"column":43},"end":{"line":150,"column":1}},"line":3},"1":{"name":"(anonymous_1)","decl":{"start":{"line":152,"column":26},"end":{"line":152,"column":27}},"loc":{"start":{"line":152,"column":46},"end":{"line":208,"column":1}},"line":152}},"branchMap":{"0":{"loc":{"start":{"line":9,"column":21},"end":{"line":9,"column":70}},"type":"cond-expr","locations":[{"start":{"line":9,"column":52},"end":{"line":9,"column":66}},{"start":{"line":9,"column":69},"end":{"line":9,"column":70}}],"line":9},"1":{"loc":{"start":{"line":9,"column":22},"end":{"line":9,"column":48}},"type":"binary-expr","locations":[{"start":{"line":9,"column":22},"end":{"line":9,"column":26}},{"start":{"line":9,"column":30},"end":{"line":9,"column":48}}],"line":9},"2":{"loc":{"start":{"line":17,"column":2},"end":{"line":129,"column":3}},"type":"if","locations":[{"start":{"line":17,"column":2},"end":{"line":129,"column":3}},{"start":{"line":46,"column":9},"end":{"line":129,"column":3}}],"line":17},"3":{"loc":{"start":{"line":17,"column":6},"end":{"line":17,"column":21}},"type":"binary-expr","locations":[{"start":{"line":17,"column":6},"end":{"line":17,"column":12}},{"start":{"line":17,"column":16},"end":{"line":17,"column":21}}],"line":17},"4":{"loc":{"start":{"line":46,"column":9},"end":{"line":129,"column":3}},"type":"if","locations":[{"start":{"line":46,"column":9},"end":{"line":129,"column":3}},{"start":{"line":88,"column":9},"end":{"line":129,"column":3}}],"line":46},"5":{"loc":{"start":{"line":46,"column":13},"end":{"line":46,"column":27}},"type":"binary-expr","locations":[{"start":{"line":46,"column":13},"end":{"line":46,"column":19}},{"start":{"line":46,"column":23},"end":{"line":46,"column":27}}],"line":46},"6":{"loc":{"start":{"line":69,"column":6},"end":{"line":77,"column":7}},"type":"if","locations":[{"start":{"line":69,"column":6},"end":{"line":77,"column":7}},{"start":{},"end":{}}],"line":69},"7":{"loc":{"start":{"line":69,"column":10},"end":{"line":69,"column":48}},"type":"binary-expr","locations":[{"start":{"line":69,"column":10},"end":{"line":69,"column":30}},{"start":{"line":69,"column":34},"end":{"line":69,"column":48}}],"line":69},"8":{"loc":{"start":{"line":88,"column":9},"end":{"line":129,"column":3}},"type":"if","locations":[{"start":{"line":88,"column":9},"end":{"line":129,"column":3}},{"start":{},"end":{}}],"line":88},"9":{"loc":{"start":{"line":88,"column":13},"end":{"line":88,"column":27}},"type":"binary-expr","locations":[{"start":{"line":88,"column":13},"end":{"line":88,"column":18}},{"start":{"line":88,"column":22},"end":{"line":88,"column":27}}],"line":88},"10":{"loc":{"start":{"line":110,"column":6},"end":{"line":118,"column":7}},"type":"if","locations":[{"start":{"line":110,"column":6},"end":{"line":118,"column":7}},{"start":{},"end":{}}],"line":110},"11":{"loc":{"start":{"line":110,"column":10},"end":{"line":110,"column":48}},"type":"binary-expr","locations":[{"start":{"line":110,"column":10},"end":{"line":110,"column":30}},{"start":{"line":110,"column":34},"end":{"line":110,"column":48}}],"line":110},"12":{"loc":{"start":{"line":131,"column":2},"end":{"line":149,"column":3}},"type":"if","locations":[{"start":{"line":131,"column":2},"end":{"line":149,"column":3}},{"start":{"line":139,"column":9},"end":{"line":149,"column":3}}],"line":131},"13":{"loc":{"start":{"line":157,"column":4},"end":{"line":165,"column":5}},"type":"if","locations":[{"start":{"line":157,"column":4},"end":{"line":165,"column":5}},{"start":{},"end":{}}],"line":157},"14":{"loc":{"start":{"line":162,"column":6},"end":{"line":164,"column":7}},"type":"if","locations":[{"start":{"line":162,"column":6},"end":{"line":164,"column":7}},{"start":{},"end":{}}],"line":162},"15":{"loc":{"start":{"line":182,"column":4},"end":{"line":197,"column":5}},"type":"if","locations":[{"start":{"line":182,"column":4},"end":{"line":197,"column":5}},{"start":{"line":190,"column":11},"end":{"line":197,"column":5}}],"line":182}},"s":{"0":6,"1":6,"2":8,"3":8,"4":8,"5":8,"6":8,"7":8,"8":4,"9":4,"10":4,"11":4,"12":4,"13":0,"14":0,"15":4,"16":2,"17":2,"18":2,"19":2,"20":2,"21":2,"22":1,"23":0,"24":0,"25":2,"26":2,"27":2,"28":2,"29":2,"30":2,"31":2,"32":1,"33":0,"34":0,"35":6,"36":1,"37":5,"38":6,"39":2,"40":2,"41":2,"42":2,"43":2,"44":1,"45":1,"46":0,"47":2,"48":2,"49":0,"50":2,"51":2,"52":0,"53":0,"54":6},"f":{"0":8,"1":2},"b":{"0":[2,6],"1":[8,3],"2":[4,4],"3":[8,6],"4":[2,2],"5":[4,2],"6":[1,1],"7":[2,1],"8":[2,0],"9":[2,2],"10":[1,1],"11":[2,1],"12":[1,5],"13":[1,1],"14":[0,1],"15":[0,2]},"_coverageSchema":"1a1c01bbd47fc00a2c39e90264f33305004495a9","hash":"170d6e51b5effbcc348cfb10d421358de7e7766e"}
,"D:\\Project\\capstone-projects\\tenan-project\\tenan-api\\controllers\\tourismsController.js": {"path":"D:\\Project\\capstone-projects\\tenan-project\\tenan-api\\controllers\\tourismsController.js","statementMap":{"0":{"start":{"line":1,"column":14},"end":{"line":1,"column":30}},"1":{"start":{"line":2,"column":15},"end":{"line":2,"column":51}},"2":{"start":{"line":5,"column":23},"end":{"line":158,"column":1}},"3":{"start":{"line":6,"column":16},"end":{"line":6,"column":27}},"4":{"start":{"line":7,"column":15},"end":{"line":7,"column":29}},"5":{"start":{"line":8,"column":15},"end":{"line":8,"column":29}},"6":{"start":{"line":11,"column":21},"end":{"line":11,"column":70}},"7":{"start":{"line":14,"column":15},"end":{"line":14,"column":17}},"8":{"start":{"line":19,"column":2},"end":{"line":137,"column":3}},"9":{"start":{"line":20,"column":4},"end":{"line":49,"column":5}},"10":{"start":{"line":22,"column":25},"end":{"line":22,"column":67}},"11":{"start":{"line":23,"column":6},"end":{"line":23,"column":34}},"12":{"start":{"line":24,"column":6},"end":{"line":24,"column":42}},"13":{"start":{"line":27,"column":6},"end":{"line":39,"column":43}},"14":{"start":{"line":41,"column":6},"end":{"line":41,"column":27}},"15":{"start":{"line":42,"column":6},"end":{"line":48,"column":9}},"16":{"start":{"line":50,"column":9},"end":{"line":137,"column":3}},"17":{"start":{"line":51,"column":4},"end":{"line":93,"column":5}},"18":{"start":{"line":53,"column":25},"end":{"line":56,"column":30}},"19":{"start":{"line":57,"column":6},"end":{"line":57,"column":34}},"20":{"start":{"line":58,"column":6},"end":{"line":58,"column":42}},"21":{"start":{"line":60,"column":6},"end":{"line":74,"column":43}},"22":{"start":{"line":75,"column":6},"end":{"line":83,"column":7}},"23":{"start":{"line":76,"column":8},"end":{"line":82,"column":11}},"24":{"start":{"line":85,"column":6},"end":{"line":85,"column":27}},"25":{"start":{"line":86,"column":6},"end":{"line":92,"column":9}},"26":{"start":{"line":94,"column":9},"end":{"line":137,"column":3}},"27":{"start":{"line":95,"column":4},"end":{"line":136,"column":5}},"28":{"start":{"line":97,"column":25},"end":{"line":99,"column":30}},"29":{"start":{"line":100,"column":6},"end":{"line":100,"column":34}},"30":{"start":{"line":101,"column":6},"end":{"line":101,"column":42}},"31":{"start":{"line":103,"column":6},"end":{"line":117,"column":43}},"32":{"start":{"line":118,"column":6},"end":{"line":126,"column":7}},"33":{"start":{"line":119,"column":8},"end":{"line":125,"column":11}},"34":{"start":{"line":128,"column":6},"end":{"line":128,"column":27}},"35":{"start":{"line":129,"column":6},"end":{"line":135,"column":9}},"36":{"start":{"line":139,"column":2},"end":{"line":157,"column":3}},"37":{"start":{"line":140,"column":4},"end":{"line":146,"column":7}},"38":{"start":{"line":148,"column":4},"end":{"line":156,"column":7}},"39":{"start":{"line":160,"column":26},"end":{"line":217,"column":1}},"40":{"start":{"line":161,"column":2},"end":{"line":216,"column":3}},"41":{"start":{"line":162,"column":23},"end":{"line":162,"column":44}},"42":{"start":{"line":163,"column":20},"end":{"line":163,"column":25}},"43":{"start":{"line":164,"column":19},"end":{"line":164,"column":30}},"44":{"start":{"line":165,"column":4},"end":{"line":173,"column":5}},"45":{"start":{"line":166,"column":21},"end":{"line":169,"column":8}},"46":{"start":{"line":170,"column":6},"end":{"line":172,"column":7}},"47":{"start":{"line":171,"column":8},"end":{"line":171,"column":25}},"48":{"start":{"line":175,"column":20},"end":{"line":189,"column":16}},"49":{"start":{"line":191,"column":4},"end":{"line":206,"column":5}},"50":{"start":{"line":192,"column":6},"end":{"line":198,"column":9}},"51":{"start":{"line":200,"column":6},"end":{"line":200,"column":36}},"52":{"start":{"line":201,"column":6},"end":{"line":205,"column":9}},"53":{"start":{"line":208,"column":4},"end":{"line":208,"column":25}},"54":{"start":{"line":209,"column":4},"end":{"line":215,"column":7}},"55":{"start":{"line":219,"column":16},"end":{"line":237,"column":1}},"56":{"start":{"line":220,"column":2},"end":{"line":236,"column":3}},"57":{"start":{"line":221,"column":19},"end":{"line":221,"column":69}},"58":{"start":{"line":222,"column":4},"end":{"line":226,"column":7}},"59":{"start":{"line":228,"column":4},"end":{"line":228,"column":25}},"60":{"start":{"line":229,"column":4},"end":{"line":235,"column":7}},"61":{"start":{"line":239,"column":29},"end":{"line":279,"column":1}},"62":{"start":{"line":240,"column":2},"end":{"line":278,"column":3}},"63":{"start":{"line":241,"column":35},"end":{"line":241,"column":43}},"64":{"start":{"line":242,"column":28},"end":{"line":249,"column":6}},"65":{"start":{"line":251,"column":24},"end":{"line":251,"column":49}},"66":{"start":{"line":252,"column":19},"end":{"line":262,"column":53}},"67":{"start":{"line":264,"column":4},"end":{"line":268,"column":7}},"68":{"start":{"line":270,"column":4},"end":{"line":270,"column":25}},"69":{"start":{"line":271,"column":4},"end":{"line":277,"column":7}},"70":{"start":{"line":281,"column":31},"end":{"line":321,"column":1}},"71":{"start":{"line":282,"column":2},"end":{"line":320,"column":3}},"72":{"start":{"line":283,"column":19},"end":{"line":283,"column":27}},"73":{"start":{"line":284,"column":28},"end":{"line":290,"column":6}},"74":{"start":{"line":292,"column":24},"end":{"line":292,"column":49}},"75":{"start":{"line":293,"column":21},"end":{"line":304,"column":51}},"76":{"start":{"line":306,"column":4},"end":{"line":310,"column":7}},"77":{"start":{"line":312,"column":4},"end":{"line":312,"column":25}},"78":{"start":{"line":313,"column":4},"end":{"line":319,"column":7}},"79":{"start":{"line":323,"column":0},"end":{"line":329,"column":2}}},"fnMap":{"0":{"name":"(anonymous_0)","decl":{"start":{"line":5,"column":23},"end":{"line":5,"column":24}},"loc":{"start":{"line":5,"column":43},"end":{"line":158,"column":1}},"line":5},"1":{"name":"(anonymous_1)","decl":{"start":{"line":160,"column":26},"end":{"line":160,"column":27}},"loc":{"start":{"line":160,"column":46},"end":{"line":217,"column":1}},"line":160},"2":{"name":"(anonymous_2)","decl":{"start":{"line":219,"column":16},"end":{"line":219,"column":17}},"loc":{"start":{"line":219,"column":36},"end":{"line":237,"column":1}},"line":219},"3":{"name":"(anonymous_3)","decl":{"start":{"line":239,"column":29},"end":{"line":239,"column":30}},"loc":{"start":{"line":239,"column":49},"end":{"line":279,"column":1}},"line":239},"4":{"name":"(anonymous_4)","decl":{"start":{"line":281,"column":31},"end":{"line":281,"column":32}},"loc":{"start":{"line":281,"column":51},"end":{"line":321,"column":1}},"line":281}},"branchMap":{"0":{"loc":{"start":{"line":11,"column":21},"end":{"line":11,"column":70}},"type":"cond-expr","locations":[{"start":{"line":11,"column":52},"end":{"line":11,"column":66}},{"start":{"line":11,"column":69},"end":{"line":11,"column":70}}],"line":11},"1":{"loc":{"start":{"line":11,"column":22},"end":{"line":11,"column":48}},"type":"binary-expr","locations":[{"start":{"line":11,"column":22},"end":{"line":11,"column":26}},{"start":{"line":11,"column":30},"end":{"line":11,"column":48}}],"line":11},"2":{"loc":{"start":{"line":19,"column":2},"end":{"line":137,"column":3}},"type":"if","locations":[{"start":{"line":19,"column":2},"end":{"line":137,"column":3}},{"start":{"line":50,"column":9},"end":{"line":137,"column":3}}],"line":19},"3":{"loc":{"start":{"line":19,"column":6},"end":{"line":19,"column":21}},"type":"binary-expr","locations":[{"start":{"line":19,"column":6},"end":{"line":19,"column":12}},{"start":{"line":19,"column":16},"end":{"line":19,"column":21}}],"line":19},"4":{"loc":{"start":{"line":50,"column":9},"end":{"line":137,"column":3}},"type":"if","locations":[{"start":{"line":50,"column":9},"end":{"line":137,"column":3}},{"start":{"line":94,"column":9},"end":{"line":137,"column":3}}],"line":50},"5":{"loc":{"start":{"line":50,"column":13},"end":{"line":50,"column":27}},"type":"binary-expr","locations":[{"start":{"line":50,"column":13},"end":{"line":50,"column":19}},{"start":{"line":50,"column":23},"end":{"line":50,"column":27}}],"line":50},"6":{"loc":{"start":{"line":75,"column":6},"end":{"line":83,"column":7}},"type":"if","locations":[{"start":{"line":75,"column":6},"end":{"line":83,"column":7}},{"start":{},"end":{}}],"line":75},"7":{"loc":{"start":{"line":75,"column":10},"end":{"line":75,"column":48}},"type":"binary-expr","locations":[{"start":{"line":75,"column":10},"end":{"line":75,"column":30}},{"start":{"line":75,"column":34},"end":{"line":75,"column":48}}],"line":75},"8":{"loc":{"start":{"line":94,"column":9},"end":{"line":137,"column":3}},"type":"if","locations":[{"start":{"line":94,"column":9},"end":{"line":137,"column":3}},{"start":{},"end":{}}],"line":94},"9":{"loc":{"start":{"line":94,"column":13},"end":{"line":94,"column":27}},"type":"binary-expr","locations":[{"start":{"line":94,"column":13},"end":{"line":94,"column":18}},{"start":{"line":94,"column":22},"end":{"line":94,"column":27}}],"line":94},"10":{"loc":{"start":{"line":118,"column":6},"end":{"line":126,"column":7}},"type":"if","locations":[{"start":{"line":118,"column":6},"end":{"line":126,"column":7}},{"start":{},"end":{}}],"line":118},"11":{"loc":{"start":{"line":118,"column":10},"end":{"line":118,"column":48}},"type":"binary-expr","locations":[{"start":{"line":118,"column":10},"end":{"line":118,"column":30}},{"start":{"line":118,"column":34},"end":{"line":118,"column":48}}],"line":118},"12":{"loc":{"start":{"line":139,"column":2},"end":{"line":157,"column":3}},"type":"if","locations":[{"start":{"line":139,"column":2},"end":{"line":157,"column":3}},{"start":{"line":147,"column":9},"end":{"line":157,"column":3}}],"line":139},"13":{"loc":{"start":{"line":165,"column":4},"end":{"line":173,"column":5}},"type":"if","locations":[{"start":{"line":165,"column":4},"end":{"line":173,"column":5}},{"start":{},"end":{}}],"line":165},"14":{"loc":{"start":{"line":170,"column":6},"end":{"line":172,"column":7}},"type":"if","locations":[{"start":{"line":170,"column":6},"end":{"line":172,"column":7}},{"start":{},"end":{}}],"line":170},"15":{"loc":{"start":{"line":191,"column":4},"end":{"line":206,"column":5}},"type":"if","locations":[{"start":{"line":191,"column":4},"end":{"line":206,"column":5}},{"start":{"line":199,"column":11},"end":{"line":206,"column":5}}],"line":191}},"s":{"0":8,"1":8,"2":8,"3":8,"4":8,"5":8,"6":8,"7":8,"8":8,"9":4,"10":4,"11":4,"12":4,"13":4,"14":0,"15":0,"16":4,"17":2,"18":2,"19":2,"20":2,"21":2,"22":2,"23":1,"24":0,"25":0,"26":2,"27":2,"28":2,"29":2,"30":2,"31":2,"32":2,"33":1,"34":0,"35":0,"36":6,"37":1,"38":5,"39":8,"40":2,"41":2,"42":2,"43":2,"44":2,"45":1,"46":1,"47":0,"48":2,"49":2,"50":0,"51":2,"52":2,"53":0,"54":0,"55":8,"56":1,"57":1,"58":1,"59":0,"60":0,"61":8,"62":2,"63":2,"64":2,"65":1,"66":1,"67":1,"68":1,"69":1,"70":8,"71":2,"72":2,"73":2,"74":1,"75":1,"76":1,"77":1,"78":1,"79":8},"f":{"0":8,"1":2,"2":1,"3":2,"4":2},"b":{"0":[2,6],"1":[8,3],"2":[4,4],"3":[8,6],"4":[2,2],"5":[4,2],"6":[1,1],"7":[2,1],"8":[2,0],"9":[2,2],"10":[1,1],"11":[2,1],"12":[1,5],"13":[1,1],"14":[0,1],"15":[0,2]},"_coverageSchema":"1a1c01bbd47fc00a2c39e90264f33305004495a9","hash":"d76496e138d2fbe84f6c97f08fe3c15c1f11a028"}
,"D:\\Project\\capstone-projects\\tenan-project\\tenan-api\\controllers\\userController.js": {"path":"D:\\Project\\capstone-projects\\tenan-project\\tenan-api\\controllers\\userController.js","statementMap":{"0":{"start":{"line":1,"column":12},"end":{"line":1,"column":35}},"1":{"start":{"line":2,"column":15},"end":{"line":2,"column":32}},"2":{"start":{"line":3,"column":15},"end":{"line":3,"column":51}},"3":{"start":{"line":7,"column":4},"end":{"line":7,"column":37}},"4":{"start":{"line":11,"column":24},"end":{"line":11,"column":55}},"5":{"start":{"line":13,"column":17},"end":{"line":113,"column":1}},"6":{"start":{"line":14,"column":34},"end":{"line":14,"column":42}},"7":{"start":{"line":16,"column":2},"end":{"line":24,"column":3}},"8":{"start":{"line":17,"column":4},"end":{"line":23,"column":7}},"9":{"start":{"line":27,"column":2},"end":{"line":35,"column":3}},"10":{"start":{"line":28,"column":4},"end":{"line":34,"column":7}},"11":{"start":{"line":38,"column":2},"end":{"line":47,"column":3}},"12":{"start":{"line":39,"column":4},"end":{"line":46,"column":7}},"13":{"start":{"line":50,"column":29},"end":{"line":53,"column":8}},"14":{"start":{"line":52,"column":8},"end":{"line":52,"column":19}},"15":{"start":{"line":54,"column":2},"end":{"line":70,"column":3}},"16":{"start":{"line":55,"column":4},"end":{"line":61,"column":7}},"17":{"start":{"line":62,"column":9},"end":{"line":70,"column":3}},"18":{"start":{"line":63,"column":4},"end":{"line":69,"column":7}},"19":{"start":{"line":72,"column":15},"end":{"line":76,"column":3}},"20":{"start":{"line":94,"column":29},"end":{"line":94,"column":51}},"21":{"start":{"line":96,"column":2},"end":{"line":104,"column":3}},"22":{"start":{"line":97,"column":4},"end":{"line":103,"column":7}},"23":{"start":{"line":106,"column":2},"end":{"line":112,"column":5}},"24":{"start":{"line":115,"column":14},"end":{"line":174,"column":1}},"25":{"start":{"line":116,"column":16},"end":{"line":116,"column":30}},"26":{"start":{"line":117,"column":19},"end":{"line":117,"column":36}},"27":{"start":{"line":120,"column":20},"end":{"line":120,"column":61}},"28":{"start":{"line":121,"column":2},"end":{"line":129,"column":3}},"29":{"start":{"line":122,"column":4},"end":{"line":128,"column":7}},"30":{"start":{"line":132,"column":2},"end":{"line":173,"column":5}},"31":{"start":{"line":133,"column":4},"end":{"line":172,"column":5}},"32":{"start":{"line":134,"column":19},"end":{"line":139,"column":7}},"33":{"start":{"line":142,"column":26},"end":{"line":142,"column":49}},"34":{"start":{"line":143,"column":27},"end":{"line":143,"column":51}},"35":{"start":{"line":145,"column":6},"end":{"line":163,"column":13}},"36":{"start":{"line":147,"column":25},"end":{"line":154,"column":13}},"37":{"start":{"line":155,"column":12},"end":{"line":162,"column":16}},"38":{"start":{"line":165,"column":6},"end":{"line":171,"column":9}},"39":{"start":{"line":176,"column":14},"end":{"line":194,"column":1}},"40":{"start":{"line":178,"column":24},"end":{"line":178,"column":27}},"41":{"start":{"line":179,"column":15},"end":{"line":182,"column":3}},"42":{"start":{"line":185,"column":22},"end":{"line":185,"column":45}},"43":{"start":{"line":187,"column":2},"end":{"line":193,"column":5}},"44":{"start":{"line":196,"column":15},"end":{"line":222,"column":1}},"45":{"start":{"line":197,"column":23},"end":{"line":197,"column":39}},"46":{"start":{"line":198,"column":2},"end":{"line":221,"column":3}},"47":{"start":{"line":199,"column":19},"end":{"line":201,"column":14}},"48":{"start":{"line":203,"column":4},"end":{"line":211,"column":5}},"49":{"start":{"line":204,"column":6},"end":{"line":210,"column":9}},"50":{"start":{"line":213,"column":4},"end":{"line":213,"column":25}},"51":{"start":{"line":214,"column":4},"end":{"line":220,"column":7}},"52":{"start":{"line":224,"column":16},"end":{"line":242,"column":1}},"53":{"start":{"line":225,"column":18},"end":{"line":225,"column":21}},"54":{"start":{"line":227,"column":17},"end":{"line":227,"column":58}},"55":{"start":{"line":229,"column":2},"end":{"line":241,"column":3}},"56":{"start":{"line":230,"column":17},"end":{"line":230,"column":26}},"57":{"start":{"line":232,"column":4},"end":{"line":240,"column":7}},"58":{"start":{"line":244,"column":27},"end":{"line":293,"column":1}},"59":{"start":{"line":245,"column":2},"end":{"line":292,"column":3}},"60":{"start":{"line":246,"column":17},"end":{"line":249,"column":5}},"61":{"start":{"line":251,"column":25},"end":{"line":252,"column":52}},"62":{"start":{"line":254,"column":4},"end":{"line":262,"column":5}},"63":{"start":{"line":255,"column":6},"end":{"line":261,"column":9}},"64":{"start":{"line":264,"column":4},"end":{"line":264,"column":49}},"65":{"start":{"line":266,"column":4},"end":{"line":272,"column":7}},"66":{"start":{"line":274,"column":4},"end":{"line":283,"column":5}},"67":{"start":{"line":275,"column":6},"end":{"line":282,"column":9}},"68":{"start":{"line":284,"column":4},"end":{"line":284,"column":25}},"69":{"start":{"line":285,"column":4},"end":{"line":291,"column":7}},"70":{"start":{"line":295,"column":30},"end":{"line":328,"column":1}},"71":{"start":{"line":296,"column":2},"end":{"line":327,"column":3}},"72":{"start":{"line":297,"column":19},"end":{"line":299,"column":14}},"73":{"start":{"line":301,"column":4},"end":{"line":317,"column":5}},"74":{"start":{"line":302,"column":6},"end":{"line":308,"column":9}},"75":{"start":{"line":310,"column":6},"end":{"line":316,"column":9}},"76":{"start":{"line":319,"column":4},"end":{"line":319,"column":25}},"77":{"start":{"line":320,"column":4},"end":{"line":326,"column":7}},"78":{"start":{"line":330,"column":29},"end":{"line":377,"column":1}},"79":{"start":{"line":331,"column":2},"end":{"line":376,"column":3}},"80":{"start":{"line":332,"column":19},"end":{"line":334,"column":38}},"81":{"start":{"line":336,"column":4},"end":{"line":366,"column":5}},"82":{"start":{"line":337,"column":6},"end":{"line":343,"column":9}},"83":{"start":{"line":345,"column":22},"end":{"line":345,"column":56}},"84":{"start":{"line":345,"column":42},"end":{"line":345,"column":55}},"85":{"start":{"line":347,"column":27},"end":{"line":359,"column":39}},"86":{"start":{"line":361,"column":6},"end":{"line":365,"column":9}},"87":{"start":{"line":368,"column":4},"end":{"line":368,"column":25}},"88":{"start":{"line":369,"column":4},"end":{"line":375,"column":7}},"89":{"start":{"line":379,"column":27},"end":{"line":428,"column":1}},"90":{"start":{"line":380,"column":2},"end":{"line":427,"column":3}},"91":{"start":{"line":381,"column":17},"end":{"line":384,"column":5}},"92":{"start":{"line":386,"column":25},"end":{"line":387,"column":60}},"93":{"start":{"line":389,"column":4},"end":{"line":397,"column":5}},"94":{"start":{"line":390,"column":6},"end":{"line":396,"column":9}},"95":{"start":{"line":399,"column":4},"end":{"line":399,"column":49}},"96":{"start":{"line":401,"column":4},"end":{"line":407,"column":7}},"97":{"start":{"line":409,"column":4},"end":{"line":418,"column":5}},"98":{"start":{"line":410,"column":6},"end":{"line":417,"column":9}},"99":{"start":{"line":419,"column":4},"end":{"line":419,"column":25}},"100":{"start":{"line":420,"column":4},"end":{"line":426,"column":7}},"101":{"start":{"line":430,"column":30},"end":{"line":463,"column":1}},"102":{"start":{"line":431,"column":2},"end":{"line":462,"column":3}},"103":{"start":{"line":432,"column":19},"end":{"line":434,"column":14}},"104":{"start":{"line":436,"column":4},"end":{"line":452,"column":5}},"105":{"start":{"line":437,"column":6},"end":{"line":443,"column":9}},"106":{"start":{"line":445,"column":6},"end":{"line":451,"column":9}},"107":{"start":{"line":454,"column":4},"end":{"line":454,"column":25}},"108":{"start":{"line":455,"column":4},"end":{"line":461,"column":7}},"109":{"start":{"line":465,"column":29},"end":{"line":510,"column":1}},"110":{"start":{"line":466,"column":2},"end":{"line":509,"column":3}},"111":{"start":{"line":467,"column":19},"end":{"line":469,"column":38}},"112":{"start":{"line":471,"column":4},"end":{"line":499,"column":5}},"113":{"start":{"line":472,"column":6},"end":{"line":478,"column":9}},"114":{"start":{"line":480,"column":22},"end":{"line":480,"column":60}},"115":{"start":{"line":480,"column":42},"end":{"line":480,"column":59}},"116":{"start":{"line":482,"column":27},"end":{"line":492,"column":39}},"117":{"start":{"line":494,"column":6},"end":{"line":498,"column":9}},"118":{"start":{"line":501,"column":4},"end":{"line":501,"column":25}},"119":{"start":{"line":502,"column":4},"end":{"line":508,"column":7}},"120":{"start":{"line":513,"column":0},"end":{"line":525,"column":2}}},"fnMap":{"0":{"name":"(anonymous_0)","decl":{"start":{"line":13,"column":17},"end":{"line":13,"column":18}},"loc":{"start":{"line":13,"column":37},"end":{"line":113,"column":1}},"line":13},"1":{"name":"(anonymous_1)","decl":{"start":{"line":51,"column":13},"end":{"line":51,"column":14}},"loc":{"start":{"line":51,"column":22},"end":{"line":53,"column":7}},"line":51},"2":{"name":"(anonymous_2)","decl":{"start":{"line":115,"column":14},"end":{"line":115,"column":15}},"loc":{"start":{"line":115,"column":34},"end":{"line":174,"column":1}},"line":115},"3":{"name":"(anonymous_3)","decl":{"start":{"line":132,"column":50},"end":{"line":132,"column":51}},"loc":{"start":{"line":132,"column":72},"end":{"line":173,"column":3}},"line":132},"4":{"name":"(anonymous_4)","decl":{"start":{"line":146,"column":10},"end":{"line":146,"column":11}},"loc":{"start":{"line":146,"column":33},"end":{"line":163,"column":11}},"line":146},"5":{"name":"(anonymous_5)","decl":{"start":{"line":176,"column":14},"end":{"line":176,"column":15}},"loc":{"start":{"line":176,"column":34},"end":{"line":194,"column":1}},"line":176},"6":{"name":"(anonymous_6)","decl":{"start":{"line":196,"column":15},"end":{"line":196,"column":16}},"loc":{"start":{"line":196,"column":35},"end":{"line":222,"column":1}},"line":196},"7":{"name":"(anonymous_7)","decl":{"start":{"line":224,"column":16},"end":{"line":224,"column":17}},"loc":{"start":{"line":224,"column":36},"end":{"line":242,"column":1}},"line":224},"8":{"name":"(anonymous_8)","decl":{"start":{"line":244,"column":27},"end":{"line":244,"column":28}},"loc":{"start":{"line":244,"column":47},"end":{"line":293,"column":1}},"line":244},"9":{"name":"(anonymous_9)","decl":{"start":{"line":295,"column":30},"end":{"line":295,"column":31}},"loc":{"start":{"line":295,"column":50},"end":{"line":328,"column":1}},"line":295},"10":{"name":"(anonymous_10)","decl":{"start":{"line":330,"column":29},"end":{"line":330,"column":30}},"loc":{"start":{"line":330,"column":49},"end":{"line":377,"column":1}},"line":330},"11":{"name":"(anonymous_11)","decl":{"start":{"line":345,"column":33},"end":{"line":345,"column":34}},"loc":{"start":{"line":345,"column":42},"end":{"line":345,"column":55}},"line":345},"12":{"name":"(anonymous_12)","decl":{"start":{"line":379,"column":27},"end":{"line":379,"column":28}},"loc":{"start":{"line":379,"column":47},"end":{"line":428,"column":1}},"line":379},"13":{"name":"(anonymous_13)","decl":{"start":{"line":430,"column":30},"end":{"line":430,"column":31}},"loc":{"start":{"line":430,"column":50},"end":{"line":463,"column":1}},"line":430},"14":{"name":"(anonymous_14)","decl":{"start":{"line":465,"column":29},"end":{"line":465,"column":30}},"loc":{"start":{"line":465,"column":49},"end":{"line":510,"column":1}},"line":465},"15":{"name":"(anonymous_15)","decl":{"start":{"line":480,"column":33},"end":{"line":480,"column":34}},"loc":{"start":{"line":480,"column":42},"end":{"line":480,"column":59}},"line":480}},"branchMap":{"0":{"loc":{"start":{"line":16,"column":2},"end":{"line":24,"column":3}},"type":"if","locations":[{"start":{"line":16,"column":2},"end":{"line":24,"column":3}},{"start":{},"end":{}}],"line":16},"1":{"loc":{"start":{"line":16,"column":6},"end":{"line":16,"column":34}},"type":"binary-expr","locations":[{"start":{"line":16,"column":6},"end":{"line":16,"column":11}},{"start":{"line":16,"column":15},"end":{"line":16,"column":21}},{"start":{"line":16,"column":25},"end":{"line":16,"column":34}}],"line":16},"2":{"loc":{"start":{"line":27,"column":2},"end":{"line":35,"column":3}},"type":"if","locations":[{"start":{"line":27,"column":2},"end":{"line":35,"column":3}},{"start":{},"end":{}}],"line":27},"3":{"loc":{"start":{"line":38,"column":2},"end":{"line":47,"column":3}},"type":"if","locations":[{"start":{"line":38,"column":2},"end":{"line":47,"column":3}},{"start":{},"end":{}}],"line":38},"4":{"loc":{"start":{"line":54,"column":2},"end":{"line":70,"column":3}},"type":"if","locations":[{"start":{"line":54,"column":2},"end":{"line":70,"column":3}},{"start":{"line":62,"column":9},"end":{"line":70,"column":3}}],"line":54},"5":{"loc":{"start":{"line":62,"column":9},"end":{"line":70,"column":3}},"type":"if","locations":[{"start":{"line":62,"column":9},"end":{"line":70,"column":3}},{"start":{},"end":{}}],"line":62},"6":{"loc":{"start":{"line":96,"column":2},"end":{"line":104,"column":3}},"type":"if","locations":[{"start":{"line":96,"column":2},"end":{"line":104,"column":3}},{"start":{},"end":{}}],"line":96},"7":{"loc":{"start":{"line":121,"column":2},"end":{"line":129,"column":3}},"type":"if","locations":[{"start":{"line":121,"column":2},"end":{"line":129,"column":3}},{"start":{},"end":{}}],"line":121},"8":{"loc":{"start":{"line":133,"column":4},"end":{"line":172,"column":5}},"type":"if","locations":[{"start":{"line":133,"column":4},"end":{"line":172,"column":5}},{"start":{"line":164,"column":11},"end":{"line":172,"column":5}}],"line":133},"9":{"loc":{"start":{"line":203,"column":4},"end":{"line":211,"column":5}},"type":"if","locations":[{"start":{"line":203,"column":4},"end":{"line":211,"column":5}},{"start":{},"end":{}}],"line":203},"10":{"loc":{"start":{"line":229,"column":2},"end":{"line":241,"column":3}},"type":"if","locations":[{"start":{"line":229,"column":2},"end":{"line":241,"column":3}},{"start":{},"end":{}}],"line":229},"11":{"loc":{"start":{"line":254,"column":4},"end":{"line":262,"column":5}},"type":"if","locations":[{"start":{"line":254,"column":4},"end":{"line":262,"column":5}},{"start":{},"end":{}}],"line":254},"12":{"loc":{"start":{"line":274,"column":4},"end":{"line":283,"column":5}},"type":"if","locations":[{"start":{"line":274,"column":4},"end":{"line":283,"column":5}},{"start":{},"end":{}}],"line":274},"13":{"loc":{"start":{"line":301,"column":4},"end":{"line":317,"column":5}},"type":"if","locations":[{"start":{"line":301,"column":4},"end":{"line":317,"column":5}},{"start":{"line":309,"column":11},"end":{"line":317,"column":5}}],"line":301},"14":{"loc":{"start":{"line":336,"column":4},"end":{"line":366,"column":5}},"type":"if","locations":[{"start":{"line":336,"column":4},"end":{"line":366,"column":5}},{"start":{"line":344,"column":11},"end":{"line":366,"column":5}}],"line":336},"15":{"loc":{"start":{"line":389,"column":4},"end":{"line":397,"column":5}},"type":"if","locations":[{"start":{"line":389,"column":4},"end":{"line":397,"column":5}},{"start":{},"end":{}}],"line":389},"16":{"loc":{"start":{"line":409,"column":4},"end":{"line":418,"column":5}},"type":"if","locations":[{"start":{"line":409,"column":4},"end":{"line":418,"column":5}},{"start":{},"end":{}}],"line":409},"17":{"loc":{"start":{"line":436,"column":4},"end":{"line":452,"column":5}},"type":"if","locations":[{"start":{"line":436,"column":4},"end":{"line":452,"column":5}},{"start":{"line":444,"column":11},"end":{"line":452,"column":5}}],"line":436},"18":{"loc":{"start":{"line":471,"column":4},"end":{"line":499,"column":5}},"type":"if","locations":[{"start":{"line":471,"column":4},"end":{"line":499,"column":5}},{"start":{"line":479,"column":11},"end":{"line":499,"column":5}}],"line":471}},"s":{"0":6,"1":6,"2":6,"3":6,"4":6,"5":6,"6":9,"7":9,"8":1,"9":8,"10":1,"11":7,"12":1,"13":6,"14":0,"15":6,"16":0,"17":6,"18":1,"19":5,"20":5,"21":5,"22":0,"23":5,"24":6,"25":6,"26":6,"27":6,"28":6,"29":2,"30":4,"31":4,"32":4,"33":4,"34":4,"35":4,"36":4,"37":4,"38":0,"39":6,"40":1,"41":1,"42":1,"43":1,"44":6,"45":1,"46":1,"47":1,"48":1,"49":1,"50":0,"51":0,"52":6,"53":1,"54":1,"55":1,"56":1,"57":1,"58":6,"59":3,"60":3,"61":3,"62":3,"63":1,"64":2,"65":1,"66":1,"67":1,"68":0,"69":0,"70":6,"71":2,"72":2,"73":2,"74":1,"75":1,"76":0,"77":0,"78":6,"79":2,"80":2,"81":2,"82":1,"83":1,"84":1,"85":1,"86":1,"87":0,"88":0,"89":6,"90":3,"91":3,"92":3,"93":3,"94":1,"95":2,"96":1,"97":1,"98":1,"99":0,"100":0,"101":6,"102":2,"103":2,"104":2,"105":1,"106":1,"107":0,"108":0,"109":6,"110":2,"111":2,"112":2,"113":1,"114":1,"115":1,"116":1,"117":1,"118":0,"119":0,"120":6},"f":{"0":9,"1":0,"2":6,"3":4,"4":4,"5":1,"6":1,"7":1,"8":3,"9":2,"10":2,"11":1,"12":3,"13":2,"14":2,"15":1},"b":{"0":[1,8],"1":[9,8,8],"2":[1,7],"3":[1,6],"4":[0,6],"5":[1,5],"6":[0,5],"7":[2,4],"8":[4,0],"9":[1,0],"10":[1,0],"11":[1,2],"12":[1,0],"13":[1,1],"14":[1,1],"15":[1,2],"16":[1,0],"17":[1,1],"18":[1,1]},"_coverageSchema":"1a1c01bbd47fc00a2c39e90264f33305004495a9","hash":"4206a2868d3e9b238ab617a638b8d7a768d2bfb9"}
,"D:\\Project\\capstone-projects\\tenan-project\\tenan-api\\middleware\\authenticate.js": {"path":"D:\\Project\\capstone-projects\\tenan-project\\tenan-api\\middleware\\authenticate.js","statementMap":{"0":{"start":{"line":1,"column":12},"end":{"line":1,"column":35}},"1":{"start":{"line":2,"column":15},"end":{"line":2,"column":51}},"2":{"start":{"line":4,"column":32},"end":{"line":54,"column":1}},"3":{"start":{"line":5,"column":21},"end":{"line":5,"column":49}},"4":{"start":{"line":6,"column":16},"end":{"line":6,"column":54}},"5":{"start":{"line":7,"column":2},"end":{"line":15,"column":3}},"6":{"start":{"line":8,"column":4},"end":{"line":14,"column":7}},"7":{"start":{"line":16,"column":2},"end":{"line":53,"column":5}},"8":{"start":{"line":17,"column":4},"end":{"line":46,"column":5}},"9":{"start":{"line":18,"column":6},"end":{"line":36,"column":7}},"10":{"start":{"line":20,"column":8},"end":{"line":26,"column":11}},"11":{"start":{"line":27,"column":13},"end":{"line":36,"column":7}},"12":{"start":{"line":29,"column":8},"end":{"line":35,"column":11}},"13":{"start":{"line":38,"column":6},"end":{"line":38,"column":23}},"14":{"start":{"line":39,"column":6},"end":{"line":45,"column":9}},"15":{"start":{"line":48,"column":4},"end":{"line":48,"column":30}},"16":{"start":{"line":49,"column":4},"end":{"line":49,"column":28}},"17":{"start":{"line":50,"column":4},"end":{"line":50,"column":34}},"18":{"start":{"line":51,"column":4},"end":{"line":51,"column":40}},"19":{"start":{"line":52,"column":4},"end":{"line":52,"column":11}},"20":{"start":{"line":56,"column":33},"end":{"line":119,"column":1}},"21":{"start":{"line":57,"column":21},"end":{"line":57,"column":49}},"22":{"start":{"line":58,"column":16},"end":{"line":58,"column":54}},"23":{"start":{"line":59,"column":2},"end":{"line":67,"column":3}},"24":{"start":{"line":60,"column":4},"end":{"line":66,"column":7}},"25":{"start":{"line":68,"column":2},"end":{"line":118,"column":9}},"26":{"start":{"line":70,"column":8},"end":{"line":99,"column":9}},"27":{"start":{"line":71,"column":10},"end":{"line":89,"column":11}},"28":{"start":{"line":73,"column":12},"end":{"line":79,"column":15}},"29":{"start":{"line":80,"column":17},"end":{"line":89,"column":11}},"30":{"start":{"line":82,"column":12},"end":{"line":88,"column":15}},"31":{"start":{"line":91,"column":10},"end":{"line":91,"column":27}},"32":{"start":{"line":92,"column":10},"end":{"line":98,"column":13}},"33":{"start":{"line":101,"column":32},"end":{"line":101,"column":74}},"34":{"start":{"line":102,"column":8},"end":{"line":112,"column":9}},"35":{"start":{"line":103,"column":10},"end":{"line":109,"column":13}},"36":{"start":{"line":111,"column":10},"end":{"line":111,"column":35}},"37":{"start":{"line":113,"column":8},"end":{"line":113,"column":34}},"38":{"start":{"line":114,"column":8},"end":{"line":114,"column":32}},"39":{"start":{"line":115,"column":8},"end":{"line":115,"column":38}},"40":{"start":{"line":116,"column":8},"end":{"line":116,"column":44}},"41":{"start":{"line":117,"column":8},"end":{"line":117,"column":15}},"42":{"start":{"line":121,"column":40},"end":{"line":166,"column":1}},"43":{"start":{"line":122,"column":21},"end":{"line":122,"column":49}},"44":{"start":{"line":123,"column":16},"end":{"line":123,"column":54}},"45":{"start":{"line":124,"column":2},"end":{"line":165,"column":3}},"46":{"start":{"line":125,"column":4},"end":{"line":125,"column":11}},"47":{"start":{"line":127,"column":4},"end":{"line":164,"column":7}},"48":{"start":{"line":128,"column":6},"end":{"line":157,"column":7}},"49":{"start":{"line":129,"column":8},"end":{"line":147,"column":9}},"50":{"start":{"line":131,"column":10},"end":{"line":137,"column":13}},"51":{"start":{"line":138,"column":15},"end":{"line":147,"column":9}},"52":{"start":{"line":140,"column":10},"end":{"line":146,"column":13}},"53":{"start":{"line":149,"column":8},"end":{"line":149,"column":25}},"54":{"start":{"line":150,"column":8},"end":{"line":156,"column":11}},"55":{"start":{"line":159,"column":6},"end":{"line":159,"column":32}},"56":{"start":{"line":160,"column":6},"end":{"line":160,"column":30}},"57":{"start":{"line":161,"column":6},"end":{"line":161,"column":36}},"58":{"start":{"line":162,"column":6},"end":{"line":162,"column":42}},"59":{"start":{"line":163,"column":6},"end":{"line":163,"column":13}},"60":{"start":{"line":169,"column":0},"end":{"line":171,"column":35}}},"fnMap":{"0":{"name":"(anonymous_0)","decl":{"start":{"line":4,"column":32},"end":{"line":4,"column":33}},"loc":{"start":{"line":4,"column":52},"end":{"line":54,"column":1}},"line":4},"1":{"name":"(anonymous_1)","decl":{"start":{"line":16,"column":53},"end":{"line":16,"column":54}},"loc":{"start":{"line":16,"column":76},"end":{"line":53,"column":3}},"line":16},"2":{"name":"(anonymous_2)","decl":{"start":{"line":56,"column":33},"end":{"line":56,"column":34}},"loc":{"start":{"line":56,"column":53},"end":{"line":119,"column":1}},"line":56},"3":{"name":"(anonymous_3)","decl":{"start":{"line":69,"column":6},"end":{"line":69,"column":7}},"loc":{"start":{"line":69,"column":35},"end":{"line":118,"column":7}},"line":69},"4":{"name":"(anonymous_4)","decl":{"start":{"line":121,"column":40},"end":{"line":121,"column":41}},"loc":{"start":{"line":121,"column":60},"end":{"line":166,"column":1}},"line":121},"5":{"name":"(anonymous_5)","decl":{"start":{"line":127,"column":55},"end":{"line":127,"column":56}},"loc":{"start":{"line":127,"column":78},"end":{"line":164,"column":5}},"line":127}},"branchMap":{"0":{"loc":{"start":{"line":6,"column":16},"end":{"line":6,"column":54}},"type":"binary-expr","locations":[{"start":{"line":6,"column":16},"end":{"line":6,"column":26}},{"start":{"line":6,"column":30},"end":{"line":6,"column":54}}],"line":6},"1":{"loc":{"start":{"line":7,"column":2},"end":{"line":15,"column":3}},"type":"if","locations":[{"start":{"line":7,"column":2},"end":{"line":15,"column":3}},{"start":{},"end":{}}],"line":7},"2":{"loc":{"start":{"line":17,"column":4},"end":{"line":46,"column":5}},"type":"if","locations":[{"start":{"line":17,"column":4},"end":{"line":46,"column":5}},{"start":{},"end":{}}],"line":17},"3":{"loc":{"start":{"line":18,"column":6},"end":{"line":36,"column":7}},"type":"if","locations":[{"start":{"line":18,"column":6},"end":{"line":36,"column":7}},{"start":{"line":27,"column":13},"end":{"line":36,"column":7}}],"line":18},"4":{"loc":{"start":{"line":27,"column":13},"end":{"line":36,"column":7}},"type":"if","locations":[{"start":{"line":27,"column":13},"end":{"line":36,"column":7}},{"start":{},"end":{}}],"line":27},"5":{"loc":{"start":{"line":58,"column":16},"end":{"line":58,"column":54}},"type":"binary-expr","locations":[{"start":{"line":58,"column":16},"end":{"line":58,"column":26}},{"start":{"line":58,"column":30},"end":{"line":58,"column":54}}],"line":58},"6":{"loc":{"start":{"line":59,"column":2},"end":{"line":67,"column":3}},"type":"if","locations":[{"start":{"line":59,"column":2},"end":{"line":67,"column":3}},{"start":{},"end":{}}],"line":59},"7":{"loc":{"start":{"line":70,"column":8},"end":{"line":99,"column":9}},"type":"if","locations":[{"start":{"line":70,"column":8},"end":{"line":99,"column":9}},{"start":{},"end":{}}],"line":70},"8":{"loc":{"start":{"line":71,"column":10},"end":{"line":89,"column":11}},"type":"if","locations":[{"start":{"line":71,"column":10},"end":{"line":89,"column":11}},{"start":{"line":80,"column":17},"end":{"line":89,"column":11}}],"line":71},"9":{"loc":{"start":{"line":80,"column":17},"end":{"line":89,"column":11}},"type":"if","locations":[{"start":{"line":80,"column":17},"end":{"line":89,"column":11}},{"start":{},"end":{}}],"line":80},"10":{"loc":{"start":{"line":102,"column":8},"end":{"line":112,"column":9}},"type":"if","locations":[{"start":{"line":102,"column":8},"end":{"line":112,"column":9}},{"start":{"line":110,"column":15},"end":{"line":112,"column":9}}],"line":102},"11":{"loc":{"start":{"line":123,"column":16},"end":{"line":123,"column":54}},"type":"binary-expr","locations":[{"start":{"line":123,"column":16},"end":{"line":123,"column":26}},{"start":{"line":123,"column":30},"end":{"line":123,"column":54}}],"line":123},"12":{"loc":{"start":{"line":124,"column":2},"end":{"line":165,"column":3}},"type":"if","locations":[{"start":{"line":124,"column":2},"end":{"line":165,"column":3}},{"start":{"line":126,"column":9},"end":{"line":165,"column":3}}],"line":124},"13":{"loc":{"start":{"line":128,"column":6},"end":{"line":157,"column":7}},"type":"if","locations":[{"start":{"line":128,"column":6},"end":{"line":157,"column":7}},{"start":{},"end":{}}],"line":128},"14":{"loc":{"start":{"line":129,"column":8},"end":{"line":147,"column":9}},"type":"if","locations":[{"start":{"line":129,"column":8},"end":{"line":147,"column":9}},{"start":{"line":138,"column":15},"end":{"line":147,"column":9}}],"line":129},"15":{"loc":{"start":{"line":138,"column":15},"end":{"line":147,"column":9}},"type":"if","locations":[{"start":{"line":138,"column":15},"end":{"line":147,"column":9}},{"start":{},"end":{}}],"line":138}},"s":{"0":6,"1":6,"2":6,"3":17,"4":17,"5":17,"6":1,"7":16,"8":16,"9":1,"10":0,"11":1,"12":1,"13":0,"14":0,"15":15,"16":15,"17":15,"18":15,"19":15,"20":6,"21":4,"22":4,"23":4,"24":1,"25":3,"26":3,"27":1,"28":0,"29":1,"30":1,"31":0,"32":0,"33":2,"34":2,"35":0,"36":2,"37":2,"38":2,"39":2,"40":2,"41":2,"42":6,"43":6,"44":6,"45":6,"46":2,"47":4,"48":4,"49":2,"50":0,"51":2,"52":2,"53":0,"54":0,"55":2,"56":2,"57":2,"58":2,"59":2,"60":6},"f":{"0":17,"1":16,"2":4,"3":3,"4":6,"5":4},"b":{"0":[17,16],"1":[1,16],"2":[1,15],"3":[0,1],"4":[1,0],"5":[4,3],"6":[1,3],"7":[1,2],"8":[0,1],"9":[1,0],"10":[0,2],"11":[6,4],"12":[2,4],"13":[2,2],"14":[0,2],"15":[2,0]},"_coverageSchema":"1a1c01bbd47fc00a2c39e90264f33305004495a9","hash":"4e124abb4b5cff6c3e5f5c0b60cc0e82cf9a891f"}
,"D:\\Project\\capstone-projects\\tenan-project\\tenan-api\\routes\\lodgingsRoute.js": {"path":"D:\\Project\\capstone-projects\\tenan-project\\tenan-api\\routes\\lodgingsRoute.js","statementMap":{"0":{"start":{"line":2,"column":16},"end":{"line":2,"column":34}},"1":{"start":{"line":3,"column":15},"end":{"line":3,"column":31}},"2":{"start":{"line":7,"column":23},"end":{"line":7,"column":67}},"3":{"start":{"line":8,"column":42},"end":{"line":8,"column":79}},"4":{"start":{"line":10,"column":0},"end":{"line":10,"column":32}},"5":{"start":{"line":11,"column":0},"end":{"line":11,"column":79}},"6":{"start":{"line":13,"column":0},"end":{"line":13,"column":24}}},"fnMap":{},"branchMap":{},"s":{"0":6,"1":6,"2":6,"3":6,"4":6,"5":6,"6":6},"f":{},"b":{},"_coverageSchema":"1a1c01bbd47fc00a2c39e90264f33305004495a9","hash":"bfae9243357d62bafb0164ea48d9275e2e261d21"}
,"D:\\Project\\capstone-projects\\tenan-project\\tenan-api\\routes\\tourismsRoute.js": {"path":"D:\\Project\\capstone-projects\\tenan-project\\tenan-api\\routes\\tourismsRoute.js","statementMap":{"0":{"start":{"line":2,"column":16},"end":{"line":2,"column":34}},"1":{"start":{"line":3,"column":15},"end":{"line":3,"column":31}},"2":{"start":{"line":10,"column":28},"end":{"line":10,"column":72}},"3":{"start":{"line":11,"column":42},"end":{"line":11,"column":79}},"4":{"start":{"line":13,"column":0},"end":{"line":13,"column":32}},"5":{"start":{"line":14,"column":0},"end":{"line":14,"column":29}},"6":{"start":{"line":15,"column":0},"end":{"line":15,"column":79}},"7":{"start":{"line":16,"column":0},"end":{"line":16,"column":56}},"8":{"start":{"line":17,"column":0},"end":{"line":17,"column":60}},"9":{"start":{"line":19,"column":0},"end":{"line":19,"column":24}}},"fnMap":{},"branchMap":{},"s":{"0":6,"1":6,"2":6,"3":6,"4":6,"5":6,"6":6,"7":6,"8":6,"9":6},"f":{},"b":{},"_coverageSchema":"1a1c01bbd47fc00a2c39e90264f33305004495a9","hash":"23fc86f4c7eeec834ce3142375b23e866959051a"}
,"D:\\Project\\capstone-projects\\tenan-project\\tenan-api\\routes\\userRoute.js": {"path":"D:\\Project\\capstone-projects\\tenan-project\\tenan-api\\routes\\userRoute.js","statementMap":{"0":{"start":{"line":2,"column":16},"end":{"line":2,"column":34}},"1":{"start":{"line":3,"column":15},"end":{"line":3,"column":31}},"2":{"start":{"line":5,"column":29},"end":{"line":5,"column":66}},"3":{"start":{"line":17,"column":26},"end":{"line":17,"column":66}},"4":{"start":{"line":19,"column":0},"end":{"line":19,"column":30}},"5":{"start":{"line":20,"column":0},"end":{"line":20,"column":33}},"6":{"start":{"line":21,"column":0},"end":{"line":21,"column":55}},"7":{"start":{"line":22,"column":0},"end":{"line":22,"column":58}},"8":{"start":{"line":23,"column":0},"end":{"line":23,"column":60}},"9":{"start":{"line":24,"column":0},"end":{"line":25,"column":26}},"10":{"start":{"line":26,"column":0},"end":{"line":27,"column":24}},"11":{"start":{"line":28,"column":0},"end":{"line":29,"column":27}},"12":{"start":{"line":30,"column":0},"end":{"line":31,"column":26}},"13":{"start":{"line":32,"column":0},"end":{"line":33,"column":24}},"14":{"start":{"line":34,"column":0},"end":{"line":35,"column":27}},"15":{"start":{"line":37,"column":0},"end":{"line":37,"column":24}}},"fnMap":{},"branchMap":{},"s":{"0":6,"1":6,"2":6,"3":6,"4":6,"5":6,"6":6,"7":6,"8":6,"9":6,"10":6,"11":6,"12":6,"13":6,"14":6,"15":6},"f":{},"b":{},"_coverageSchema":"1a1c01bbd47fc00a2c39e90264f33305004495a9","hash":"4c856c25ef320c94bcc09a7518e47d3e01bee744"}
,"D:\\Project\\capstone-projects\\tenan-project\\tenan-api\\test\\dataTest.js": {"path":"D:\\Project\\capstone-projects\\tenan-project\\tenan-api\\test\\dataTest.js","statementMap":{"0":{"start":{"line":1,"column":29},"end":{"line":10,"column":1}},"1":{"start":{"line":3,"column":2},"end":{"line":3,"column":66}},"2":{"start":{"line":4,"column":15},"end":{"line":4,"column":17}},"3":{"start":{"line":5,"column":2},"end":{"line":8,"column":3}},"4":{"start":{"line":5,"column":15},"end":{"line":5,"column":16}},"5":{"start":{"line":6,"column":24},"end":{"line":6,"column":69}},"6":{"start":{"line":7,"column":4},"end":{"line":7,"column":45}},"7":{"start":{"line":9,"column":2},"end":{"line":9,"column":16}},"8":{"start":{"line":12,"column":23},"end":{"line":28,"column":1}},"9":{"start":{"line":13,"column":22},"end":{"line":13,"column":67}},"10":{"start":{"line":14,"column":21},"end":{"line":14,"column":57}},"11":{"start":{"line":15,"column":19},"end":{"line":15,"column":37}},"12":{"start":{"line":17,"column":25},"end":{"line":20,"column":3}},"13":{"start":{"line":22,"column":28},"end":{"line":26,"column":3}},"14":{"start":{"line":27,"column":2},"end":{"line":27,"column":45}},"15":{"start":{"line":30,"column":0},"end":{"line":30,"column":34}}},"fnMap":{"0":{"name":"(anonymous_0)","decl":{"start":{"line":1,"column":29},"end":{"line":1,"column":30}},"loc":{"start":{"line":1,"column":41},"end":{"line":10,"column":1}},"line":1},"1":{"name":"(anonymous_1)","decl":{"start":{"line":12,"column":23},"end":{"line":12,"column":24}},"loc":{"start":{"line":12,"column":29},"end":{"line":28,"column":1}},"line":12}},"branchMap":{},"s":{"0":5,"1":10,"2":10,"3":10,"4":10,"5":50,"6":50,"7":10,"8":5,"9":5,"10":5,"11":5,"12":5,"13":5,"14":5,"15":5},"f":{"0":10,"1":5},"b":{},"_coverageSchema":"1a1c01bbd47fc00a2c39e90264f33305004495a9","hash":"b9d1f3a1d6e1e985ef923153c9dc15a2923f60eb"}
,"D:\\Project\\capstone-projects\\tenan-project\\tenan-api\\utils\\creation.js": {"path":"D:\\Project\\capstone-projects\\tenan-project\\tenan-api\\utils\\creation.js","statementMap":{"0":{"start":{"line":1,"column":15},"end":{"line":1,"column":51}},"1":{"start":{"line":2,"column":19},"end":{"line":2,"column":21}},"2":{"start":{"line":3,"column":15},"end":{"line":3,"column":32}},"3":{"start":{"line":4,"column":12},"end":{"line":4,"column":35}},"4":{"start":{"line":6,"column":19},"end":{"line":16,"column":1}},"5":{"start":{"line":7,"column":15},"end":{"line":7,"column":57}},"6":{"start":{"line":9,"column":2},"end":{"line":9,"column":23}},"7":{"start":{"line":11,"column":19},"end":{"line":13,"column":4}},"8":{"start":{"line":12,"column":4},"end":{"line":12,"column":13}},"9":{"start":{"line":15,"column":2},"end":{"line":15,"column":18}},"10":{"start":{"line":18,"column":26},"end":{"line":23,"column":1}},"11":{"start":{"line":19,"column":22},"end":{"line":20,"column":25}},"12":{"start":{"line":22,"column":2},"end":{"line":22,"column":21}},"13":{"start":{"line":25,"column":27},"end":{"line":30,"column":1}},"14":{"start":{"line":26,"column":23},"end":{"line":27,"column":26}},"15":{"start":{"line":29,"column":2},"end":{"line":29,"column":22}},"16":{"start":{"line":32,"column":0},"end":{"line":32,"column":69}}},"fnMap":{"0":{"name":"(anonymous_0)","decl":{"start":{"line":6,"column":19},"end":{"line":6,"column":20}},"loc":{"start":{"line":6,"column":35},"end":{"line":16,"column":1}},"line":6},"1":{"name":"(anonymous_1)","decl":{"start":{"line":11,"column":58},"end":{"line":11,"column":59}},"loc":{"start":{"line":11,"column":67},"end":{"line":13,"column":3}},"line":11},"2":{"name":"(anonymous_2)","decl":{"start":{"line":18,"column":26},"end":{"line":18,"column":27}},"loc":{"start":{"line":18,"column":36},"end":{"line":23,"column":1}},"line":18},"3":{"name":"(anonymous_3)","decl":{"start":{"line":25,"column":27},"end":{"line":25,"column":28}},"loc":{"start":{"line":25,"column":37},"end":{"line":30,"column":1}},"line":25}},"branchMap":{},"s":{"0":6,"1":6,"2":6,"3":6,"4":6,"5":5,"6":5,"7":5,"8":0,"9":5,"10":6,"11":5,"12":5,"13":6,"14":4,"15":4,"16":6},"f":{"0":5,"1":0,"2":5,"3":4},"b":{},"_coverageSchema":"1a1c01bbd47fc00a2c39e90264f33305004495a9","hash":"7088f429ee515d2d22a34607a6f8150124474d09"}
,"D:\\Project\\capstone-projects\\tenan-project\\tenan-api\\utils\\validation.js": {"path":"D:\\Project\\capstone-projects\\tenan-project\\tenan-api\\utils\\validation.js","statementMap":{"0":{"start":{"line":1,"column":22},"end":{"line":5,"column":1}},"1":{"start":{"line":2,"column":2},"end":{"line":4,"column":4}},"2":{"start":{"line":7,"column":25},"end":{"line":12,"column":1}},"3":{"start":{"line":8,"column":2},"end":{"line":11,"column":4}},"4":{"start":{"line":14,"column":0},"end":{"line":17,"column":2}}},"fnMap":{"0":{"name":"(anonymous_0)","decl":{"start":{"line":1,"column":22},"end":{"line":1,"column":23}},"loc":{"start":{"line":1,"column":33},"end":{"line":5,"column":1}},"line":1},"1":{"name":"(anonymous_1)","decl":{"start":{"line":7,"column":25},"end":{"line":7,"column":26}},"loc":{"start":{"line":7,"column":39},"end":{"line":12,"column":1}},"line":7}},"branchMap":{},"s":{"0":6,"1":8,"2":6,"3":7,"4":6},"f":{"0":8,"1":7},"b":{},"_coverageSchema":"1a1c01bbd47fc00a2c39e90264f33305004495a9","hash":"25720782bb2b419dfb122e3cb6ca84cb48af428e"}
}
