{"D:\\Project\\capstone-projects\\tenan-project\\tenan-api\\index.js": {"path":"D:\\Project\\capstone-projects\\tenan-project\\tenan-api\\index.js","statementMap":{"0":{"start":{"line":1,"column":16},"end":{"line":1,"column":34}},"1":{"start":{"line":2,"column":0},"end":{"line":2,"column":27}},"2":{"start":{"line":3,"column":18},"end":{"line":3,"column":50}},"3":{"start":{"line":4,"column":22},"end":{"line":4,"column":58}},"4":{"start":{"line":5,"column":22},"end":{"line":5,"column":58}},"5":{"start":{"line":6,"column":15},"end":{"line":6,"column":50}},"6":{"start":{"line":9,"column":0},"end":{"line":15,"column":7}},"7":{"start":{"line":11,"column":6},"end":{"line":11,"column":56}},"8":{"start":{"line":14,"column":6},"end":{"line":14,"column":64}},"9":{"start":{"line":17,"column":12},"end":{"line":17,"column":21}},"10":{"start":{"line":18,"column":13},"end":{"line":18,"column":29}},"11":{"start":{"line":21,"column":17},"end":{"line":21,"column":33}},"12":{"start":{"line":23,"column":0},"end":{"line":23,"column":24}},"13":{"start":{"line":24,"column":0},"end":{"line":24,"column":46}},"14":{"start":{"line":26,"column":0},"end":{"line":31,"column":3}},"15":{"start":{"line":27,"column":2},"end":{"line":30,"column":42}},"16":{"start":{"line":33,"column":0},"end":{"line":33,"column":33}},"17":{"start":{"line":34,"column":0},"end":{"line":34,"column":41}},"18":{"start":{"line":35,"column":0},"end":{"line":35,"column":41}},"19":{"start":{"line":37,"column":0},"end":{"line":37,"column":25}},"20":{"start":{"line":40,"column":0},"end":{"line":48,"column":3}},"21":{"start":{"line":41,"column":2},"end":{"line":47,"column":5}},"22":{"start":{"line":50,"column":0},"end":{"line":54,"column":1}},"23":{"start":{"line":51,"column":2},"end":{"line":53,"column":5}},"24":{"start":{"line":52,"column":4},"end":{"line":52,"column":67}},"25":{"start":{"line":56,"column":0},"end":{"line":56,"column":21}}},"fnMap":{"0":{"name":"(anonymous_0)","decl":{"start":{"line":10,"column":10},"end":{"line":10,"column":11}},"loc":{"start":{"line":10,"column":23},"end":{"line":12,"column":5}},"line":10},"1":{"name":"(anonymous_1)","decl":{"start":{"line":13,"column":11},"end":{"line":13,"column":12}},"loc":{"start":{"line":13,"column":22},"end":{"line":15,"column":5}},"line":13},"2":{"name":"(anonymous_2)","decl":{"start":{"line":26,"column":13},"end":{"line":26,"column":14}},"loc":{"start":{"line":26,"column":27},"end":{"line":31,"column":1}},"line":26},"3":{"name":"(anonymous_3)","decl":{"start":{"line":40,"column":8},"end":{"line":40,"column":9}},"loc":{"start":{"line":40,"column":33},"end":{"line":48,"column":1}},"line":40},"4":{"name":"(anonymous_4)","decl":{"start":{"line":51,"column":19},"end":{"line":51,"column":20}},"loc":{"start":{"line":51,"column":25},"end":{"line":53,"column":3}},"line":51}},"branchMap":{"0":{"loc":{"start":{"line":50,"column":0},"end":{"line":54,"column":1}},"type":"if","locations":[{"start":{"line":50,"column":0},"end":{"line":54,"column":1}},{"start":{},"end":{}}],"line":50},"1":{"loc":{"start":{"line":50,"column":5},"end":{"line":50,"column":31}},"type":"binary-expr","locations":[{"start":{"line":50,"column":5},"end":{"line":50,"column":25}},{"start":{"line":50,"column":29},"end":{"line":50,"column":31}}],"line":50}},"s":{"0":1,"1":1,"2":1,"3":1,"4":1,"5":1,"6":1,"7":1,"8":0,"9":1,"10":1,"11":1,"12":1,"13":1,"14":1,"15":0,"16":1,"17":1,"18":1,"19":1,"20":1,"21":0,"22":1,"23":0,"24":0,"25":1},"f":{"0":1,"1":0,"2":0,"3":0,"4":0},"b":{"0":[0,1],"1":[1,0]},"_coverageSchema":"1a1c01bbd47fc00a2c39e90264f33305004495a9","hash":"9f75dd529a93c6dcc032c8fc8dec402a53098688"}
,"D:\\Project\\capstone-projects\\tenan-project\\tenan-api\\configs\\data-source.js": {"path":"D:\\Project\\capstone-projects\\tenan-project\\tenan-api\\configs\\data-source.js","statementMap":{"0":{"start":{"line":1,"column":0},"end":{"line":1,"column":27}},"1":{"start":{"line":3,"column":13},"end":{"line":12,"column":2}},"2":{"start":{"line":14,"column":0},"end":{"line":14,"column":24}}},"fnMap":{},"branchMap":{},"s":{"0":1,"1":1,"2":1},"f":{},"b":{},"_coverageSchema":"1a1c01bbd47fc00a2c39e90264f33305004495a9","hash":"2d9ac24f63394631724f7d9da040b39b8292606e"}
,"D:\\Project\\capstone-projects\\tenan-project\\tenan-api\\controllers\\lodgingsController.js": {"path":"D:\\Project\\capstone-projects\\tenan-project\\tenan-api\\controllers\\lodgingsController.js","statementMap":{"0":{"start":{"line":1,"column":15},"end":{"line":1,"column":51}},"1":{"start":{"line":3,"column":23},"end":{"line":150,"column":1}},"2":{"start":{"line":4,"column":16},"end":{"line":4,"column":27}},"3":{"start":{"line":5,"column":15},"end":{"line":5,"column":29}},"4":{"start":{"line":6,"column":15},"end":{"line":6,"column":29}},"5":{"start":{"line":9,"column":21},"end":{"line":9,"column":70}},"6":{"start":{"line":12,"column":15},"end":{"line":12,"column":17}},"7":{"start":{"line":17,"column":2},"end":{"line":129,"column":3}},"8":{"start":{"line":18,"column":4},"end":{"line":45,"column":5}},"9":{"start":{"line":20,"column":25},"end":{"line":20,"column":67}},"10":{"start":{"line":21,"column":6},"end":{"line":21,"column":34}},"11":{"start":{"line":22,"column":6},"end":{"line":22,"column":42}},"12":{"start":{"line":25,"column":6},"end":{"line":35,"column":43}},"13":{"start":{"line":37,"column":6},"end":{"line":37,"column":27}},"14":{"start":{"line":38,"column":6},"end":{"line":44,"column":9}},"15":{"start":{"line":46,"column":9},"end":{"line":129,"column":3}},"16":{"start":{"line":47,"column":4},"end":{"line":87,"column":5}},"17":{"start":{"line":49,"column":25},"end":{"line":52,"column":30}},"18":{"start":{"line":53,"column":6},"end":{"line":53,"column":34}},"19":{"start":{"line":54,"column":6},"end":{"line":54,"column":42}},"20":{"start":{"line":56,"column":6},"end":{"line":68,"column":43}},"21":{"start":{"line":69,"column":6},"end":{"line":77,"column":7}},"22":{"start":{"line":70,"column":8},"end":{"line":76,"column":11}},"23":{"start":{"line":79,"column":6},"end":{"line":79,"column":27}},"24":{"start":{"line":80,"column":6},"end":{"line":86,"column":9}},"25":{"start":{"line":88,"column":9},"end":{"line":129,"column":3}},"26":{"start":{"line":89,"column":4},"end":{"line":128,"column":5}},"27":{"start":{"line":91,"column":25},"end":{"line":93,"column":30}},"28":{"start":{"line":94,"column":6},"end":{"line":94,"column":34}},"29":{"start":{"line":95,"column":6},"end":{"line":95,"column":42}},"30":{"start":{"line":97,"column":6},"end":{"line":109,"column":43}},"31":{"start":{"line":110,"column":6},"end":{"line":118,"column":7}},"32":{"start":{"line":111,"column":8},"end":{"line":117,"column":11}},"33":{"start":{"line":120,"column":6},"end":{"line":120,"column":27}},"34":{"start":{"line":121,"column":6},"end":{"line":127,"column":9}},"35":{"start":{"line":131,"column":2},"end":{"line":149,"column":3}},"36":{"start":{"line":132,"column":4},"end":{"line":138,"column":7}},"37":{"start":{"line":140,"column":4},"end":{"line":148,"column":7}},"38":{"start":{"line":152,"column":26},"end":{"line":208,"column":1}},"39":{"start":{"line":153,"column":2},"end":{"line":207,"column":3}},"40":{"start":{"line":154,"column":23},"end":{"line":154,"column":44}},"41":{"start":{"line":155,"column":20},"end":{"line":155,"column":25}},"42":{"start":{"line":156,"column":19},"end":{"line":156,"column":30}},"43":{"start":{"line":157,"column":4},"end":{"line":165,"column":5}},"44":{"start":{"line":158,"column":21},"end":{"line":161,"column":8}},"45":{"start":{"line":162,"column":6},"end":{"line":164,"column":7}},"46":{"start":{"line":163,"column":8},"end":{"line":163,"column":25}},"47":{"start":{"line":167,"column":20},"end":{"line":180,"column":16}},"48":{"start":{"line":182,"column":4},"end":{"line":197,"column":5}},"49":{"start":{"line":183,"column":6},"end":{"line":189,"column":9}},"50":{"start":{"line":191,"column":6},"end":{"line":191,"column":36}},"51":{"start":{"line":192,"column":6},"end":{"line":196,"column":9}},"52":{"start":{"line":199,"column":4},"end":{"line":199,"column":25}},"53":{"start":{"line":200,"column":4},"end":{"line":206,"column":7}},"54":{"start":{"line":210,"column":0},"end":{"line":213,"column":2}}},"fnMap":{"0":{"name":"(anonymous_0)","decl":{"start":{"line":3,"column":23},"end":{"line":3,"column":24}},"loc":{"start":{"line":3,"column":43},"end":{"line":150,"column":1}},"line":3},"1":{"name":"(anonymous_1)","decl":{"start":{"line":152,"column":26},"end":{"line":152,"column":27}},"loc":{"start":{"line":152,"column":46},"end":{"line":208,"column":1}},"line":152}},"branchMap":{"0":{"loc":{"start":{"line":9,"column":21},"end":{"line":9,"column":70}},"type":"cond-expr","locations":[{"start":{"line":9,"column":52},"end":{"line":9,"column":66}},{"start":{"line":9,"column":69},"end":{"line":9,"column":70}}],"line":9},"1":{"loc":{"start":{"line":9,"column":22},"end":{"line":9,"column":48}},"type":"binary-expr","locations":[{"start":{"line":9,"column":22},"end":{"line":9,"column":26}},{"start":{"line":9,"column":30},"end":{"line":9,"column":48}}],"line":9},"2":{"loc":{"start":{"line":17,"column":2},"end":{"line":129,"column":3}},"type":"if","locations":[{"start":{"line":17,"column":2},"end":{"line":129,"column":3}},{"start":{"line":46,"column":9},"end":{"line":129,"column":3}}],"line":17},"3":{"loc":{"start":{"line":17,"column":6},"end":{"line":17,"column":21}},"type":"binary-expr","locations":[{"start":{"line":17,"column":6},"end":{"line":17,"column":12}},{"start":{"line":17,"column":16},"end":{"line":17,"column":21}}],"line":17},"4":{"loc":{"start":{"line":46,"column":9},"end":{"line":129,"column":3}},"type":"if","locations":[{"start":{"line":46,"column":9},"end":{"line":129,"column":3}},{"start":{"line":88,"column":9},"end":{"line":129,"column":3}}],"line":46},"5":{"loc":{"start":{"line":46,"column":13},"end":{"line":46,"column":27}},"type":"binary-expr","locations":[{"start":{"line":46,"column":13},"end":{"line":46,"column":19}},{"start":{"line":46,"column":23},"end":{"line":46,"column":27}}],"line":46},"6":{"loc":{"start":{"line":69,"column":6},"end":{"line":77,"column":7}},"type":"if","locations":[{"start":{"line":69,"column":6},"end":{"line":77,"column":7}},{"start":{},"end":{}}],"line":69},"7":{"loc":{"start":{"line":69,"column":10},"end":{"line":69,"column":48}},"type":"binary-expr","locations":[{"start":{"line":69,"column":10},"end":{"line":69,"column":30}},{"start":{"line":69,"column":34},"end":{"line":69,"column":48}}],"line":69},"8":{"loc":{"start":{"line":88,"column":9},"end":{"line":129,"column":3}},"type":"if","locations":[{"start":{"line":88,"column":9},"end":{"line":129,"column":3}},{"start":{},"end":{}}],"line":88},"9":{"loc":{"start":{"line":88,"column":13},"end":{"line":88,"column":27}},"type":"binary-expr","locations":[{"start":{"line":88,"column":13},"end":{"line":88,"column":18}},{"start":{"line":88,"column":22},"end":{"line":88,"column":27}}],"line":88},"10":{"loc":{"start":{"line":110,"column":6},"end":{"line":118,"column":7}},"type":"if","locations":[{"start":{"line":110,"column":6},"end":{"line":118,"column":7}},{"start":{},"end":{}}],"line":110},"11":{"loc":{"start":{"line":110,"column":10},"end":{"line":110,"column":48}},"type":"binary-expr","locations":[{"start":{"line":110,"column":10},"end":{"line":110,"column":30}},{"start":{"line":110,"column":34},"end":{"line":110,"column":48}}],"line":110},"12":{"loc":{"start":{"line":131,"column":2},"end":{"line":149,"column":3}},"type":"if","locations":[{"start":{"line":131,"column":2},"end":{"line":149,"column":3}},{"start":{"line":139,"column":9},"end":{"line":149,"column":3}}],"line":131},"13":{"loc":{"start":{"line":157,"column":4},"end":{"line":165,"column":5}},"type":"if","locations":[{"start":{"line":157,"column":4},"end":{"line":165,"column":5}},{"start":{},"end":{}}],"line":157},"14":{"loc":{"start":{"line":162,"column":6},"end":{"line":164,"column":7}},"type":"if","locations":[{"start":{"line":162,"column":6},"end":{"line":164,"column":7}},{"start":{},"end":{}}],"line":162},"15":{"loc":{"start":{"line":182,"column":4},"end":{"line":197,"column":5}},"type":"if","locations":[{"start":{"line":182,"column":4},"end":{"line":197,"column":5}},{"start":{"line":190,"column":11},"end":{"line":197,"column":5}}],"line":182}},"s":{"0":1,"1":1,"2":0,"3":0,"4":0,"5":0,"6":0,"7":0,"8":0,"9":0,"10":0,"11":0,"12":0,"13":0,"14":0,"15":0,"16":0,"17":0,"18":0,"19":0,"20":0,"21":0,"22":0,"23":0,"24":0,"25":0,"26":0,"27":0,"28":0,"29":0,"30":0,"31":0,"32":0,"33":0,"34":0,"35":0,"36":0,"37":0,"38":1,"39":0,"40":0,"41":0,"42":0,"43":0,"44":0,"45":0,"46":0,"47":0,"48":0,"49":0,"50":0,"51":0,"52":0,"53":0,"54":1},"f":{"0":0,"1":0},"b":{"0":[0,0],"1":[0,0],"2":[0,0],"3":[0,0],"4":[0,0],"5":[0,0],"6":[0,0],"7":[0,0],"8":[0,0],"9":[0,0],"10":[0,0],"11":[0,0],"12":[0,0],"13":[0,0],"14":[0,0],"15":[0,0]},"_coverageSchema":"1a1c01bbd47fc00a2c39e90264f33305004495a9","hash":"170d6e51b5effbcc348cfb10d421358de7e7766e"}
,"D:\\Project\\capstone-projects\\tenan-project\\tenan-api\\controllers\\tourismsController.js": {"path":"D:\\Project\\capstone-projects\\tenan-project\\tenan-api\\controllers\\tourismsController.js","statementMap":{"0":{"start":{"line":1,"column":14},"end":{"line":1,"column":30}},"1":{"start":{"line":2,"column":15},"end":{"line":2,"column":51}},"2":{"start":{"line":5,"column":23},"end":{"line":158,"column":1}},"3":{"start":{"line":6,"column":16},"end":{"line":6,"column":27}},"4":{"start":{"line":7,"column":15},"end":{"line":7,"column":29}},"5":{"start":{"line":8,"column":15},"end":{"line":8,"column":29}},"6":{"start":{"line":11,"column":21},"end":{"line":11,"column":70}},"7":{"start":{"line":14,"column":15},"end":{"line":14,"column":17}},"8":{"start":{"line":19,"column":2},"end":{"line":137,"column":3}},"9":{"start":{"line":20,"column":4},"end":{"line":49,"column":5}},"10":{"start":{"line":22,"column":25},"end":{"line":22,"column":67}},"11":{"start":{"line":23,"column":6},"end":{"line":23,"column":34}},"12":{"start":{"line":24,"column":6},"end":{"line":24,"column":42}},"13":{"start":{"line":27,"column":6},"end":{"line":39,"column":43}},"14":{"start":{"line":41,"column":6},"end":{"line":41,"column":27}},"15":{"start":{"line":42,"column":6},"end":{"line":48,"column":9}},"16":{"start":{"line":50,"column":9},"end":{"line":137,"column":3}},"17":{"start":{"line":51,"column":4},"end":{"line":93,"column":5}},"18":{"start":{"line":53,"column":25},"end":{"line":56,"column":30}},"19":{"start":{"line":57,"column":6},"end":{"line":57,"column":34}},"20":{"start":{"line":58,"column":6},"end":{"line":58,"column":42}},"21":{"start":{"line":60,"column":6},"end":{"line":74,"column":43}},"22":{"start":{"line":75,"column":6},"end":{"line":83,"column":7}},"23":{"start":{"line":76,"column":8},"end":{"line":82,"column":11}},"24":{"start":{"line":85,"column":6},"end":{"line":85,"column":27}},"25":{"start":{"line":86,"column":6},"end":{"line":92,"column":9}},"26":{"start":{"line":94,"column":9},"end":{"line":137,"column":3}},"27":{"start":{"line":95,"column":4},"end":{"line":136,"column":5}},"28":{"start":{"line":97,"column":25},"end":{"line":99,"column":30}},"29":{"start":{"line":100,"column":6},"end":{"line":100,"column":34}},"30":{"start":{"line":101,"column":6},"end":{"line":101,"column":42}},"31":{"start":{"line":103,"column":6},"end":{"line":117,"column":43}},"32":{"start":{"line":118,"column":6},"end":{"line":126,"column":7}},"33":{"start":{"line":119,"column":8},"end":{"line":125,"column":11}},"34":{"start":{"line":128,"column":6},"end":{"line":128,"column":27}},"35":{"start":{"line":129,"column":6},"end":{"line":135,"column":9}},"36":{"start":{"line":139,"column":2},"end":{"line":157,"column":3}},"37":{"start":{"line":140,"column":4},"end":{"line":146,"column":7}},"38":{"start":{"line":148,"column":4},"end":{"line":156,"column":7}},"39":{"start":{"line":160,"column":26},"end":{"line":217,"column":1}},"40":{"start":{"line":161,"column":2},"end":{"line":216,"column":3}},"41":{"start":{"line":162,"column":23},"end":{"line":162,"column":44}},"42":{"start":{"line":163,"column":20},"end":{"line":163,"column":25}},"43":{"start":{"line":164,"column":19},"end":{"line":164,"column":30}},"44":{"start":{"line":165,"column":4},"end":{"line":173,"column":5}},"45":{"start":{"line":166,"column":21},"end":{"line":169,"column":8}},"46":{"start":{"line":170,"column":6},"end":{"line":172,"column":7}},"47":{"start":{"line":171,"column":8},"end":{"line":171,"column":25}},"48":{"start":{"line":175,"column":20},"end":{"line":189,"column":16}},"49":{"start":{"line":191,"column":4},"end":{"line":206,"column":5}},"50":{"start":{"line":192,"column":6},"end":{"line":198,"column":9}},"51":{"start":{"line":200,"column":6},"end":{"line":200,"column":36}},"52":{"start":{"line":201,"column":6},"end":{"line":205,"column":9}},"53":{"start":{"line":208,"column":4},"end":{"line":208,"column":25}},"54":{"start":{"line":209,"column":4},"end":{"line":215,"column":7}},"55":{"start":{"line":219,"column":16},"end":{"line":237,"column":1}},"56":{"start":{"line":220,"column":2},"end":{"line":236,"column":3}},"57":{"start":{"line":221,"column":19},"end":{"line":221,"column":69}},"58":{"start":{"line":222,"column":4},"end":{"line":226,"column":7}},"59":{"start":{"line":228,"column":4},"end":{"line":228,"column":25}},"60":{"start":{"line":229,"column":4},"end":{"line":235,"column":7}},"61":{"start":{"line":239,"column":29},"end":{"line":279,"column":1}},"62":{"start":{"line":240,"column":2},"end":{"line":278,"column":3}},"63":{"start":{"line":241,"column":35},"end":{"line":241,"column":43}},"64":{"start":{"line":242,"column":28},"end":{"line":249,"column":6}},"65":{"start":{"line":251,"column":24},"end":{"line":251,"column":49}},"66":{"start":{"line":252,"column":19},"end":{"line":262,"column":53}},"67":{"start":{"line":264,"column":4},"end":{"line":268,"column":7}},"68":{"start":{"line":270,"column":4},"end":{"line":270,"column":25}},"69":{"start":{"line":271,"column":4},"end":{"line":277,"column":7}},"70":{"start":{"line":281,"column":31},"end":{"line":321,"column":1}},"71":{"start":{"line":282,"column":2},"end":{"line":320,"column":3}},"72":{"start":{"line":283,"column":19},"end":{"line":283,"column":27}},"73":{"start":{"line":284,"column":28},"end":{"line":290,"column":6}},"74":{"start":{"line":292,"column":24},"end":{"line":292,"column":49}},"75":{"start":{"line":293,"column":21},"end":{"line":304,"column":51}},"76":{"start":{"line":306,"column":4},"end":{"line":310,"column":7}},"77":{"start":{"line":312,"column":4},"end":{"line":312,"column":25}},"78":{"start":{"line":313,"column":4},"end":{"line":319,"column":7}},"79":{"start":{"line":323,"column":0},"end":{"line":329,"column":2}}},"fnMap":{"0":{"name":"(anonymous_0)","decl":{"start":{"line":5,"column":23},"end":{"line":5,"column":24}},"loc":{"start":{"line":5,"column":43},"end":{"line":158,"column":1}},"line":5},"1":{"name":"(anonymous_1)","decl":{"start":{"line":160,"column":26},"end":{"line":160,"column":27}},"loc":{"start":{"line":160,"column":46},"end":{"line":217,"column":1}},"line":160},"2":{"name":"(anonymous_2)","decl":{"start":{"line":219,"column":16},"end":{"line":219,"column":17}},"loc":{"start":{"line":219,"column":36},"end":{"line":237,"column":1}},"line":219},"3":{"name":"(anonymous_3)","decl":{"start":{"line":239,"column":29},"end":{"line":239,"column":30}},"loc":{"start":{"line":239,"column":49},"end":{"line":279,"column":1}},"line":239},"4":{"name":"(anonymous_4)","decl":{"start":{"line":281,"column":31},"end":{"line":281,"column":32}},"loc":{"start":{"line":281,"column":51},"end":{"line":321,"column":1}},"line":281}},"branchMap":{"0":{"loc":{"start":{"line":11,"column":21},"end":{"line":11,"column":70}},"type":"cond-expr","locations":[{"start":{"line":11,"column":52},"end":{"line":11,"column":66}},{"start":{"line":11,"column":69},"end":{"line":11,"column":70}}],"line":11},"1":{"loc":{"start":{"line":11,"column":22},"end":{"line":11,"column":48}},"type":"binary-expr","locations":[{"start":{"line":11,"column":22},"end":{"line":11,"column":26}},{"start":{"line":11,"column":30},"end":{"line":11,"column":48}}],"line":11},"2":{"loc":{"start":{"line":19,"column":2},"end":{"line":137,"column":3}},"type":"if","locations":[{"start":{"line":19,"column":2},"end":{"line":137,"column":3}},{"start":{"line":50,"column":9},"end":{"line":137,"column":3}}],"line":19},"3":{"loc":{"start":{"line":19,"column":6},"end":{"line":19,"column":21}},"type":"binary-expr","locations":[{"start":{"line":19,"column":6},"end":{"line":19,"column":12}},{"start":{"line":19,"column":16},"end":{"line":19,"column":21}}],"line":19},"4":{"loc":{"start":{"line":50,"column":9},"end":{"line":137,"column":3}},"type":"if","locations":[{"start":{"line":50,"column":9},"end":{"line":137,"column":3}},{"start":{"line":94,"column":9},"end":{"line":137,"column":3}}],"line":50},"5":{"loc":{"start":{"line":50,"column":13},"end":{"line":50,"column":27}},"type":"binary-expr","locations":[{"start":{"line":50,"column":13},"end":{"line":50,"column":19}},{"start":{"line":50,"column":23},"end":{"line":50,"column":27}}],"line":50},"6":{"loc":{"start":{"line":75,"column":6},"end":{"line":83,"column":7}},"type":"if","locations":[{"start":{"line":75,"column":6},"end":{"line":83,"column":7}},{"start":{},"end":{}}],"line":75},"7":{"loc":{"start":{"line":75,"column":10},"end":{"line":75,"column":48}},"type":"binary-expr","locations":[{"start":{"line":75,"column":10},"end":{"line":75,"column":30}},{"start":{"line":75,"column":34},"end":{"line":75,"column":48}}],"line":75},"8":{"loc":{"start":{"line":94,"column":9},"end":{"line":137,"column":3}},"type":"if","locations":[{"start":{"line":94,"column":9},"end":{"line":137,"column":3}},{"start":{},"end":{}}],"line":94},"9":{"loc":{"start":{"line":94,"column":13},"end":{"line":94,"column":27}},"type":"binary-expr","locations":[{"start":{"line":94,"column":13},"end":{"line":94,"column":18}},{"start":{"line":94,"column":22},"end":{"line":94,"column":27}}],"line":94},"10":{"loc":{"start":{"line":118,"column":6},"end":{"line":126,"column":7}},"type":"if","locations":[{"start":{"line":118,"column":6},"end":{"line":126,"column":7}},{"start":{},"end":{}}],"line":118},"11":{"loc":{"start":{"line":118,"column":10},"end":{"line":118,"column":48}},"type":"binary-expr","locations":[{"start":{"line":118,"column":10},"end":{"line":118,"column":30}},{"start":{"line":118,"column":34},"end":{"line":118,"column":48}}],"line":118},"12":{"loc":{"start":{"line":139,"column":2},"end":{"line":157,"column":3}},"type":"if","locations":[{"start":{"line":139,"column":2},"end":{"line":157,"column":3}},{"start":{"line":147,"column":9},"end":{"line":157,"column":3}}],"line":139},"13":{"loc":{"start":{"line":165,"column":4},"end":{"line":173,"column":5}},"type":"if","locations":[{"start":{"line":165,"column":4},"end":{"line":173,"column":5}},{"start":{},"end":{}}],"line":165},"14":{"loc":{"start":{"line":170,"column":6},"end":{"line":172,"column":7}},"type":"if","locations":[{"start":{"line":170,"column":6},"end":{"line":172,"column":7}},{"start":{},"end":{}}],"line":170},"15":{"loc":{"start":{"line":191,"column":4},"end":{"line":206,"column":5}},"type":"if","locations":[{"start":{"line":191,"column":4},"end":{"line":206,"column":5}},{"start":{"line":199,"column":11},"end":{"line":206,"column":5}}],"line":191}},"s":{"0":1,"1":1,"2":1,"3":0,"4":0,"5":0,"6":0,"7":0,"8":0,"9":0,"10":0,"11":0,"12":0,"13":0,"14":0,"15":0,"16":0,"17":0,"18":0,"19":0,"20":0,"21":0,"22":0,"23":0,"24":0,"25":0,"26":0,"27":0,"28":0,"29":0,"30":0,"31":0,"32":0,"33":0,"34":0,"35":0,"36":0,"37":0,"38":0,"39":1,"40":0,"41":0,"42":0,"43":0,"44":0,"45":0,"46":0,"47":0,"48":0,"49":0,"50":0,"51":0,"52":0,"53":0,"54":0,"55":1,"56":0,"57":0,"58":0,"59":0,"60":0,"61":1,"62":0,"63":0,"64":0,"65":0,"66":0,"67":0,"68":0,"69":0,"70":1,"71":0,"72":0,"73":0,"74":0,"75":0,"76":0,"77":0,"78":0,"79":1},"f":{"0":0,"1":0,"2":0,"3":0,"4":0},"b":{"0":[0,0],"1":[0,0],"2":[0,0],"3":[0,0],"4":[0,0],"5":[0,0],"6":[0,0],"7":[0,0],"8":[0,0],"9":[0,0],"10":[0,0],"11":[0,0],"12":[0,0],"13":[0,0],"14":[0,0],"15":[0,0]},"_coverageSchema":"1a1c01bbd47fc00a2c39e90264f33305004495a9","hash":"d76496e138d2fbe84f6c97f08fe3c15c1f11a028"}
,"D:\\Project\\capstone-projects\\tenan-project\\tenan-api\\controllers\\userController.js": {"path":"D:\\Project\\capstone-projects\\tenan-project\\tenan-api\\controllers\\userController.js","statementMap":{"0":{"start":{"line":1,"column":12},"end":{"line":1,"column":35}},"1":{"start":{"line":2,"column":15},"end":{"line":2,"column":32}},"2":{"start":{"line":3,"column":15},"end":{"line":3,"column":51}},"3":{"start":{"line":7,"column":4},"end":{"line":7,"column":37}},"4":{"start":{"line":11,"column":24},"end":{"line":11,"column":55}},"5":{"start":{"line":13,"column":17},"end":{"line":113,"column":1}},"6":{"start":{"line":14,"column":34},"end":{"line":14,"column":42}},"7":{"start":{"line":16,"column":2},"end":{"line":24,"column":3}},"8":{"start":{"line":17,"column":4},"end":{"line":23,"column":7}},"9":{"start":{"line":27,"column":2},"end":{"line":35,"column":3}},"10":{"start":{"line":28,"column":4},"end":{"line":34,"column":7}},"11":{"start":{"line":38,"column":2},"end":{"line":47,"column":3}},"12":{"start":{"line":39,"column":4},"end":{"line":46,"column":7}},"13":{"start":{"line":50,"column":29},"end":{"line":53,"column":8}},"14":{"start":{"line":52,"column":8},"end":{"line":52,"column":19}},"15":{"start":{"line":54,"column":2},"end":{"line":70,"column":3}},"16":{"start":{"line":55,"column":4},"end":{"line":61,"column":7}},"17":{"start":{"line":62,"column":9},"end":{"line":70,"column":3}},"18":{"start":{"line":63,"column":4},"end":{"line":69,"column":7}},"19":{"start":{"line":72,"column":15},"end":{"line":76,"column":3}},"20":{"start":{"line":94,"column":29},"end":{"line":94,"column":51}},"21":{"start":{"line":96,"column":2},"end":{"line":104,"column":3}},"22":{"start":{"line":97,"column":4},"end":{"line":103,"column":7}},"23":{"start":{"line":106,"column":2},"end":{"line":112,"column":5}},"24":{"start":{"line":115,"column":14},"end":{"line":174,"column":1}},"25":{"start":{"line":116,"column":16},"end":{"line":116,"column":30}},"26":{"start":{"line":117,"column":19},"end":{"line":117,"column":36}},"27":{"start":{"line":120,"column":20},"end":{"line":120,"column":61}},"28":{"start":{"line":121,"column":2},"end":{"line":129,"column":3}},"29":{"start":{"line":122,"column":4},"end":{"line":128,"column":7}},"30":{"start":{"line":132,"column":2},"end":{"line":173,"column":5}},"31":{"start":{"line":133,"column":4},"end":{"line":172,"column":5}},"32":{"start":{"line":134,"column":19},"end":{"line":139,"column":7}},"33":{"start":{"line":142,"column":26},"end":{"line":142,"column":49}},"34":{"start":{"line":143,"column":27},"end":{"line":143,"column":51}},"35":{"start":{"line":145,"column":6},"end":{"line":163,"column":13}},"36":{"start":{"line":147,"column":25},"end":{"line":154,"column":13}},"37":{"start":{"line":155,"column":12},"end":{"line":162,"column":16}},"38":{"start":{"line":165,"column":6},"end":{"line":171,"column":9}},"39":{"start":{"line":176,"column":14},"end":{"line":194,"column":1}},"40":{"start":{"line":178,"column":24},"end":{"line":178,"column":27}},"41":{"start":{"line":179,"column":15},"end":{"line":182,"column":3}},"42":{"start":{"line":185,"column":22},"end":{"line":185,"column":45}},"43":{"start":{"line":187,"column":2},"end":{"line":193,"column":5}},"44":{"start":{"line":196,"column":15},"end":{"line":222,"column":1}},"45":{"start":{"line":197,"column":23},"end":{"line":197,"column":39}},"46":{"start":{"line":198,"column":2},"end":{"line":221,"column":3}},"47":{"start":{"line":199,"column":19},"end":{"line":201,"column":14}},"48":{"start":{"line":203,"column":4},"end":{"line":211,"column":5}},"49":{"start":{"line":204,"column":6},"end":{"line":210,"column":9}},"50":{"start":{"line":213,"column":4},"end":{"line":213,"column":25}},"51":{"start":{"line":214,"column":4},"end":{"line":220,"column":7}},"52":{"start":{"line":224,"column":16},"end":{"line":242,"column":1}},"53":{"start":{"line":225,"column":18},"end":{"line":225,"column":21}},"54":{"start":{"line":227,"column":17},"end":{"line":227,"column":58}},"55":{"start":{"line":229,"column":2},"end":{"line":241,"column":3}},"56":{"start":{"line":230,"column":17},"end":{"line":230,"column":26}},"57":{"start":{"line":232,"column":4},"end":{"line":240,"column":7}},"58":{"start":{"line":244,"column":27},"end":{"line":295,"column":1}},"59":{"start":{"line":245,"column":2},"end":{"line":294,"column":3}},"60":{"start":{"line":246,"column":17},"end":{"line":249,"column":5}},"61":{"start":{"line":251,"column":25},"end":{"line":252,"column":52}},"62":{"start":{"line":254,"column":4},"end":{"line":262,"column":5}},"63":{"start":{"line":255,"column":6},"end":{"line":261,"column":9}},"64":{"start":{"line":264,"column":34},"end":{"line":265,"column":20}},"65":{"start":{"line":267,"column":4},"end":{"line":276,"column":5}},"66":{"start":{"line":268,"column":6},"end":{"line":275,"column":9}},"67":{"start":{"line":278,"column":4},"end":{"line":284,"column":8}},"68":{"start":{"line":286,"column":4},"end":{"line":286,"column":25}},"69":{"start":{"line":287,"column":4},"end":{"line":293,"column":7}},"70":{"start":{"line":297,"column":30},"end":{"line":330,"column":1}},"71":{"start":{"line":298,"column":2},"end":{"line":329,"column":3}},"72":{"start":{"line":299,"column":19},"end":{"line":301,"column":14}},"73":{"start":{"line":303,"column":4},"end":{"line":319,"column":5}},"74":{"start":{"line":304,"column":6},"end":{"line":310,"column":9}},"75":{"start":{"line":312,"column":6},"end":{"line":318,"column":9}},"76":{"start":{"line":321,"column":4},"end":{"line":321,"column":25}},"77":{"start":{"line":322,"column":4},"end":{"line":328,"column":7}},"78":{"start":{"line":332,"column":29},"end":{"line":379,"column":1}},"79":{"start":{"line":333,"column":2},"end":{"line":378,"column":3}},"80":{"start":{"line":334,"column":19},"end":{"line":336,"column":38}},"81":{"start":{"line":338,"column":4},"end":{"line":368,"column":5}},"82":{"start":{"line":339,"column":6},"end":{"line":345,"column":9}},"83":{"start":{"line":347,"column":22},"end":{"line":347,"column":56}},"84":{"start":{"line":347,"column":42},"end":{"line":347,"column":55}},"85":{"start":{"line":349,"column":27},"end":{"line":361,"column":39}},"86":{"start":{"line":363,"column":6},"end":{"line":367,"column":9}},"87":{"start":{"line":370,"column":4},"end":{"line":370,"column":25}},"88":{"start":{"line":371,"column":4},"end":{"line":377,"column":7}},"89":{"start":{"line":381,"column":27},"end":{"line":432,"column":1}},"90":{"start":{"line":382,"column":2},"end":{"line":431,"column":3}},"91":{"start":{"line":383,"column":17},"end":{"line":386,"column":5}},"92":{"start":{"line":388,"column":25},"end":{"line":389,"column":60}},"93":{"start":{"line":391,"column":4},"end":{"line":399,"column":5}},"94":{"start":{"line":392,"column":6},"end":{"line":398,"column":9}},"95":{"start":{"line":401,"column":34},"end":{"line":402,"column":20}},"96":{"start":{"line":404,"column":4},"end":{"line":413,"column":5}},"97":{"start":{"line":405,"column":6},"end":{"line":412,"column":9}},"98":{"start":{"line":415,"column":4},"end":{"line":421,"column":8}},"99":{"start":{"line":423,"column":4},"end":{"line":423,"column":25}},"100":{"start":{"line":424,"column":4},"end":{"line":430,"column":7}},"101":{"start":{"line":434,"column":30},"end":{"line":467,"column":1}},"102":{"start":{"line":435,"column":2},"end":{"line":466,"column":3}},"103":{"start":{"line":436,"column":19},"end":{"line":438,"column":14}},"104":{"start":{"line":440,"column":4},"end":{"line":456,"column":5}},"105":{"start":{"line":441,"column":6},"end":{"line":447,"column":9}},"106":{"start":{"line":449,"column":6},"end":{"line":455,"column":9}},"107":{"start":{"line":458,"column":4},"end":{"line":458,"column":25}},"108":{"start":{"line":459,"column":4},"end":{"line":465,"column":7}},"109":{"start":{"line":469,"column":29},"end":{"line":514,"column":1}},"110":{"start":{"line":470,"column":2},"end":{"line":513,"column":3}},"111":{"start":{"line":471,"column":19},"end":{"line":473,"column":38}},"112":{"start":{"line":475,"column":4},"end":{"line":503,"column":5}},"113":{"start":{"line":476,"column":6},"end":{"line":482,"column":9}},"114":{"start":{"line":484,"column":22},"end":{"line":484,"column":60}},"115":{"start":{"line":484,"column":42},"end":{"line":484,"column":59}},"116":{"start":{"line":486,"column":27},"end":{"line":496,"column":39}},"117":{"start":{"line":498,"column":6},"end":{"line":502,"column":9}},"118":{"start":{"line":505,"column":4},"end":{"line":505,"column":25}},"119":{"start":{"line":506,"column":4},"end":{"line":512,"column":7}},"120":{"start":{"line":517,"column":0},"end":{"line":529,"column":2}}},"fnMap":{"0":{"name":"(anonymous_0)","decl":{"start":{"line":13,"column":17},"end":{"line":13,"column":18}},"loc":{"start":{"line":13,"column":37},"end":{"line":113,"column":1}},"line":13},"1":{"name":"(anonymous_1)","decl":{"start":{"line":51,"column":13},"end":{"line":51,"column":14}},"loc":{"start":{"line":51,"column":22},"end":{"line":53,"column":7}},"line":51},"2":{"name":"(anonymous_2)","decl":{"start":{"line":115,"column":14},"end":{"line":115,"column":15}},"loc":{"start":{"line":115,"column":34},"end":{"line":174,"column":1}},"line":115},"3":{"name":"(anonymous_3)","decl":{"start":{"line":132,"column":50},"end":{"line":132,"column":51}},"loc":{"start":{"line":132,"column":72},"end":{"line":173,"column":3}},"line":132},"4":{"name":"(anonymous_4)","decl":{"start":{"line":146,"column":10},"end":{"line":146,"column":11}},"loc":{"start":{"line":146,"column":33},"end":{"line":163,"column":11}},"line":146},"5":{"name":"(anonymous_5)","decl":{"start":{"line":176,"column":14},"end":{"line":176,"column":15}},"loc":{"start":{"line":176,"column":34},"end":{"line":194,"column":1}},"line":176},"6":{"name":"(anonymous_6)","decl":{"start":{"line":196,"column":15},"end":{"line":196,"column":16}},"loc":{"start":{"line":196,"column":35},"end":{"line":222,"column":1}},"line":196},"7":{"name":"(anonymous_7)","decl":{"start":{"line":224,"column":16},"end":{"line":224,"column":17}},"loc":{"start":{"line":224,"column":36},"end":{"line":242,"column":1}},"line":224},"8":{"name":"(anonymous_8)","decl":{"start":{"line":244,"column":27},"end":{"line":244,"column":28}},"loc":{"start":{"line":244,"column":47},"end":{"line":295,"column":1}},"line":244},"9":{"name":"(anonymous_9)","decl":{"start":{"line":297,"column":30},"end":{"line":297,"column":31}},"loc":{"start":{"line":297,"column":50},"end":{"line":330,"column":1}},"line":297},"10":{"name":"(anonymous_10)","decl":{"start":{"line":332,"column":29},"end":{"line":332,"column":30}},"loc":{"start":{"line":332,"column":49},"end":{"line":379,"column":1}},"line":332},"11":{"name":"(anonymous_11)","decl":{"start":{"line":347,"column":33},"end":{"line":347,"column":34}},"loc":{"start":{"line":347,"column":42},"end":{"line":347,"column":55}},"line":347},"12":{"name":"(anonymous_12)","decl":{"start":{"line":381,"column":27},"end":{"line":381,"column":28}},"loc":{"start":{"line":381,"column":47},"end":{"line":432,"column":1}},"line":381},"13":{"name":"(anonymous_13)","decl":{"start":{"line":434,"column":30},"end":{"line":434,"column":31}},"loc":{"start":{"line":434,"column":50},"end":{"line":467,"column":1}},"line":434},"14":{"name":"(anonymous_14)","decl":{"start":{"line":469,"column":29},"end":{"line":469,"column":30}},"loc":{"start":{"line":469,"column":49},"end":{"line":514,"column":1}},"line":469},"15":{"name":"(anonymous_15)","decl":{"start":{"line":484,"column":33},"end":{"line":484,"column":34}},"loc":{"start":{"line":484,"column":42},"end":{"line":484,"column":59}},"line":484}},"branchMap":{"0":{"loc":{"start":{"line":16,"column":2},"end":{"line":24,"column":3}},"type":"if","locations":[{"start":{"line":16,"column":2},"end":{"line":24,"column":3}},{"start":{},"end":{}}],"line":16},"1":{"loc":{"start":{"line":16,"column":6},"end":{"line":16,"column":34}},"type":"binary-expr","locations":[{"start":{"line":16,"column":6},"end":{"line":16,"column":11}},{"start":{"line":16,"column":15},"end":{"line":16,"column":21}},{"start":{"line":16,"column":25},"end":{"line":16,"column":34}}],"line":16},"2":{"loc":{"start":{"line":27,"column":2},"end":{"line":35,"column":3}},"type":"if","locations":[{"start":{"line":27,"column":2},"end":{"line":35,"column":3}},{"start":{},"end":{}}],"line":27},"3":{"loc":{"start":{"line":38,"column":2},"end":{"line":47,"column":3}},"type":"if","locations":[{"start":{"line":38,"column":2},"end":{"line":47,"column":3}},{"start":{},"end":{}}],"line":38},"4":{"loc":{"start":{"line":54,"column":2},"end":{"line":70,"column":3}},"type":"if","locations":[{"start":{"line":54,"column":2},"end":{"line":70,"column":3}},{"start":{"line":62,"column":9},"end":{"line":70,"column":3}}],"line":54},"5":{"loc":{"start":{"line":62,"column":9},"end":{"line":70,"column":3}},"type":"if","locations":[{"start":{"line":62,"column":9},"end":{"line":70,"column":3}},{"start":{},"end":{}}],"line":62},"6":{"loc":{"start":{"line":96,"column":2},"end":{"line":104,"column":3}},"type":"if","locations":[{"start":{"line":96,"column":2},"end":{"line":104,"column":3}},{"start":{},"end":{}}],"line":96},"7":{"loc":{"start":{"line":121,"column":2},"end":{"line":129,"column":3}},"type":"if","locations":[{"start":{"line":121,"column":2},"end":{"line":129,"column":3}},{"start":{},"end":{}}],"line":121},"8":{"loc":{"start":{"line":133,"column":4},"end":{"line":172,"column":5}},"type":"if","locations":[{"start":{"line":133,"column":4},"end":{"line":172,"column":5}},{"start":{"line":164,"column":11},"end":{"line":172,"column":5}}],"line":133},"9":{"loc":{"start":{"line":203,"column":4},"end":{"line":211,"column":5}},"type":"if","locations":[{"start":{"line":203,"column":4},"end":{"line":211,"column":5}},{"start":{},"end":{}}],"line":203},"10":{"loc":{"start":{"line":229,"column":2},"end":{"line":241,"column":3}},"type":"if","locations":[{"start":{"line":229,"column":2},"end":{"line":241,"column":3}},{"start":{},"end":{}}],"line":229},"11":{"loc":{"start":{"line":254,"column":4},"end":{"line":262,"column":5}},"type":"if","locations":[{"start":{"line":254,"column":4},"end":{"line":262,"column":5}},{"start":{},"end":{}}],"line":254},"12":{"loc":{"start":{"line":267,"column":4},"end":{"line":276,"column":5}},"type":"if","locations":[{"start":{"line":267,"column":4},"end":{"line":276,"column":5}},{"start":{},"end":{}}],"line":267},"13":{"loc":{"start":{"line":303,"column":4},"end":{"line":319,"column":5}},"type":"if","locations":[{"start":{"line":303,"column":4},"end":{"line":319,"column":5}},{"start":{"line":311,"column":11},"end":{"line":319,"column":5}}],"line":303},"14":{"loc":{"start":{"line":338,"column":4},"end":{"line":368,"column":5}},"type":"if","locations":[{"start":{"line":338,"column":4},"end":{"line":368,"column":5}},{"start":{"line":346,"column":11},"end":{"line":368,"column":5}}],"line":338},"15":{"loc":{"start":{"line":391,"column":4},"end":{"line":399,"column":5}},"type":"if","locations":[{"start":{"line":391,"column":4},"end":{"line":399,"column":5}},{"start":{},"end":{}}],"line":391},"16":{"loc":{"start":{"line":404,"column":4},"end":{"line":413,"column":5}},"type":"if","locations":[{"start":{"line":404,"column":4},"end":{"line":413,"column":5}},{"start":{},"end":{}}],"line":404},"17":{"loc":{"start":{"line":440,"column":4},"end":{"line":456,"column":5}},"type":"if","locations":[{"start":{"line":440,"column":4},"end":{"line":456,"column":5}},{"start":{"line":448,"column":11},"end":{"line":456,"column":5}}],"line":440},"18":{"loc":{"start":{"line":475,"column":4},"end":{"line":503,"column":5}},"type":"if","locations":[{"start":{"line":475,"column":4},"end":{"line":503,"column":5}},{"start":{"line":483,"column":11},"end":{"line":503,"column":5}}],"line":475}},"s":{"0":1,"1":1,"2":1,"3":1,"4":1,"5":1,"6":1,"7":1,"8":0,"9":1,"10":0,"11":1,"12":0,"13":1,"14":0,"15":1,"16":0,"17":1,"18":0,"19":1,"20":1,"21":1,"22":0,"23":1,"24":1,"25":3,"26":3,"27":3,"28":3,"29":2,"30":1,"31":1,"32":1,"33":1,"34":1,"35":1,"36":1,"37":1,"38":0,"39":1,"40":0,"41":0,"42":0,"43":0,"44":1,"45":1,"46":1,"47":1,"48":1,"49":1,"50":0,"51":0,"52":1,"53":0,"54":0,"55":0,"56":0,"57":0,"58":1,"59":0,"60":0,"61":0,"62":0,"63":0,"64":0,"65":0,"66":0,"67":0,"68":0,"69":0,"70":1,"71":0,"72":0,"73":0,"74":0,"75":0,"76":0,"77":0,"78":1,"79":0,"80":0,"81":0,"82":0,"83":0,"84":0,"85":0,"86":0,"87":0,"88":0,"89":1,"90":0,"91":0,"92":0,"93":0,"94":0,"95":0,"96":0,"97":0,"98":0,"99":0,"100":0,"101":1,"102":0,"103":0,"104":0,"105":0,"106":0,"107":0,"108":0,"109":1,"110":0,"111":0,"112":0,"113":0,"114":0,"115":0,"116":0,"117":0,"118":0,"119":0,"120":1},"f":{"0":1,"1":0,"2":3,"3":1,"4":1,"5":0,"6":1,"7":0,"8":0,"9":0,"10":0,"11":0,"12":0,"13":0,"14":0,"15":0},"b":{"0":[0,1],"1":[1,1,1],"2":[0,1],"3":[0,1],"4":[0,1],"5":[0,1],"6":[0,1],"7":[2,1],"8":[1,0],"9":[1,0],"10":[0,0],"11":[0,0],"12":[0,0],"13":[0,0],"14":[0,0],"15":[0,0],"16":[0,0],"17":[0,0],"18":[0,0]},"_coverageSchema":"1a1c01bbd47fc00a2c39e90264f33305004495a9","hash":"514ca6277ef64a974e8371e2083164809f2ad8b7"}
,"D:\\Project\\capstone-projects\\tenan-project\\tenan-api\\middleware\\authenticate.js": {"path":"D:\\Project\\capstone-projects\\tenan-project\\tenan-api\\middleware\\authenticate.js","statementMap":{"0":{"start":{"line":1,"column":12},"end":{"line":1,"column":35}},"1":{"start":{"line":2,"column":15},"end":{"line":2,"column":51}},"2":{"start":{"line":4,"column":32},"end":{"line":54,"column":1}},"3":{"start":{"line":5,"column":21},"end":{"line":5,"column":49}},"4":{"start":{"line":6,"column":16},"end":{"line":6,"column":54}},"5":{"start":{"line":7,"column":2},"end":{"line":15,"column":3}},"6":{"start":{"line":8,"column":4},"end":{"line":14,"column":7}},"7":{"start":{"line":16,"column":2},"end":{"line":53,"column":5}},"8":{"start":{"line":17,"column":4},"end":{"line":46,"column":5}},"9":{"start":{"line":18,"column":6},"end":{"line":36,"column":7}},"10":{"start":{"line":20,"column":8},"end":{"line":26,"column":11}},"11":{"start":{"line":27,"column":13},"end":{"line":36,"column":7}},"12":{"start":{"line":29,"column":8},"end":{"line":35,"column":11}},"13":{"start":{"line":38,"column":6},"end":{"line":38,"column":23}},"14":{"start":{"line":39,"column":6},"end":{"line":45,"column":9}},"15":{"start":{"line":48,"column":4},"end":{"line":48,"column":30}},"16":{"start":{"line":49,"column":4},"end":{"line":49,"column":28}},"17":{"start":{"line":50,"column":4},"end":{"line":50,"column":34}},"18":{"start":{"line":51,"column":4},"end":{"line":51,"column":40}},"19":{"start":{"line":52,"column":4},"end":{"line":52,"column":11}},"20":{"start":{"line":56,"column":33},"end":{"line":121,"column":1}},"21":{"start":{"line":57,"column":21},"end":{"line":57,"column":49}},"22":{"start":{"line":58,"column":16},"end":{"line":58,"column":54}},"23":{"start":{"line":59,"column":2},"end":{"line":67,"column":3}},"24":{"start":{"line":60,"column":4},"end":{"line":66,"column":7}},"25":{"start":{"line":68,"column":2},"end":{"line":120,"column":9}},"26":{"start":{"line":70,"column":8},"end":{"line":99,"column":9}},"27":{"start":{"line":71,"column":10},"end":{"line":89,"column":11}},"28":{"start":{"line":73,"column":12},"end":{"line":79,"column":15}},"29":{"start":{"line":80,"column":17},"end":{"line":89,"column":11}},"30":{"start":{"line":82,"column":12},"end":{"line":88,"column":15}},"31":{"start":{"line":91,"column":10},"end":{"line":91,"column":27}},"32":{"start":{"line":92,"column":10},"end":{"line":98,"column":13}},"33":{"start":{"line":101,"column":8},"end":{"line":101,"column":56}},"34":{"start":{"line":102,"column":32},"end":{"line":102,"column":74}},"35":{"start":{"line":103,"column":8},"end":{"line":103,"column":37}},"36":{"start":{"line":104,"column":8},"end":{"line":114,"column":9}},"37":{"start":{"line":105,"column":10},"end":{"line":111,"column":13}},"38":{"start":{"line":113,"column":10},"end":{"line":113,"column":35}},"39":{"start":{"line":115,"column":8},"end":{"line":115,"column":34}},"40":{"start":{"line":116,"column":8},"end":{"line":116,"column":32}},"41":{"start":{"line":117,"column":8},"end":{"line":117,"column":38}},"42":{"start":{"line":118,"column":8},"end":{"line":118,"column":44}},"43":{"start":{"line":119,"column":8},"end":{"line":119,"column":15}},"44":{"start":{"line":123,"column":40},"end":{"line":168,"column":1}},"45":{"start":{"line":124,"column":21},"end":{"line":124,"column":49}},"46":{"start":{"line":125,"column":16},"end":{"line":125,"column":54}},"47":{"start":{"line":126,"column":2},"end":{"line":167,"column":3}},"48":{"start":{"line":127,"column":4},"end":{"line":127,"column":11}},"49":{"start":{"line":129,"column":4},"end":{"line":166,"column":7}},"50":{"start":{"line":130,"column":6},"end":{"line":159,"column":7}},"51":{"start":{"line":131,"column":8},"end":{"line":149,"column":9}},"52":{"start":{"line":133,"column":10},"end":{"line":139,"column":13}},"53":{"start":{"line":140,"column":15},"end":{"line":149,"column":9}},"54":{"start":{"line":142,"column":10},"end":{"line":148,"column":13}},"55":{"start":{"line":151,"column":8},"end":{"line":151,"column":25}},"56":{"start":{"line":152,"column":8},"end":{"line":158,"column":11}},"57":{"start":{"line":161,"column":6},"end":{"line":161,"column":32}},"58":{"start":{"line":162,"column":6},"end":{"line":162,"column":30}},"59":{"start":{"line":163,"column":6},"end":{"line":163,"column":36}},"60":{"start":{"line":164,"column":6},"end":{"line":164,"column":42}},"61":{"start":{"line":165,"column":6},"end":{"line":165,"column":13}},"62":{"start":{"line":171,"column":0},"end":{"line":173,"column":35}}},"fnMap":{"0":{"name":"(anonymous_0)","decl":{"start":{"line":4,"column":32},"end":{"line":4,"column":33}},"loc":{"start":{"line":4,"column":52},"end":{"line":54,"column":1}},"line":4},"1":{"name":"(anonymous_1)","decl":{"start":{"line":16,"column":53},"end":{"line":16,"column":54}},"loc":{"start":{"line":16,"column":76},"end":{"line":53,"column":3}},"line":16},"2":{"name":"(anonymous_2)","decl":{"start":{"line":56,"column":33},"end":{"line":56,"column":34}},"loc":{"start":{"line":56,"column":53},"end":{"line":121,"column":1}},"line":56},"3":{"name":"(anonymous_3)","decl":{"start":{"line":69,"column":6},"end":{"line":69,"column":7}},"loc":{"start":{"line":69,"column":35},"end":{"line":120,"column":7}},"line":69},"4":{"name":"(anonymous_4)","decl":{"start":{"line":123,"column":40},"end":{"line":123,"column":41}},"loc":{"start":{"line":123,"column":60},"end":{"line":168,"column":1}},"line":123},"5":{"name":"(anonymous_5)","decl":{"start":{"line":129,"column":55},"end":{"line":129,"column":56}},"loc":{"start":{"line":129,"column":78},"end":{"line":166,"column":5}},"line":129}},"branchMap":{"0":{"loc":{"start":{"line":6,"column":16},"end":{"line":6,"column":54}},"type":"binary-expr","locations":[{"start":{"line":6,"column":16},"end":{"line":6,"column":26}},{"start":{"line":6,"column":30},"end":{"line":6,"column":54}}],"line":6},"1":{"loc":{"start":{"line":7,"column":2},"end":{"line":15,"column":3}},"type":"if","locations":[{"start":{"line":7,"column":2},"end":{"line":15,"column":3}},{"start":{},"end":{}}],"line":7},"2":{"loc":{"start":{"line":17,"column":4},"end":{"line":46,"column":5}},"type":"if","locations":[{"start":{"line":17,"column":4},"end":{"line":46,"column":5}},{"start":{},"end":{}}],"line":17},"3":{"loc":{"start":{"line":18,"column":6},"end":{"line":36,"column":7}},"type":"if","locations":[{"start":{"line":18,"column":6},"end":{"line":36,"column":7}},{"start":{"line":27,"column":13},"end":{"line":36,"column":7}}],"line":18},"4":{"loc":{"start":{"line":27,"column":13},"end":{"line":36,"column":7}},"type":"if","locations":[{"start":{"line":27,"column":13},"end":{"line":36,"column":7}},{"start":{},"end":{}}],"line":27},"5":{"loc":{"start":{"line":58,"column":16},"end":{"line":58,"column":54}},"type":"binary-expr","locations":[{"start":{"line":58,"column":16},"end":{"line":58,"column":26}},{"start":{"line":58,"column":30},"end":{"line":58,"column":54}}],"line":58},"6":{"loc":{"start":{"line":59,"column":2},"end":{"line":67,"column":3}},"type":"if","locations":[{"start":{"line":59,"column":2},"end":{"line":67,"column":3}},{"start":{},"end":{}}],"line":59},"7":{"loc":{"start":{"line":70,"column":8},"end":{"line":99,"column":9}},"type":"if","locations":[{"start":{"line":70,"column":8},"end":{"line":99,"column":9}},{"start":{},"end":{}}],"line":70},"8":{"loc":{"start":{"line":71,"column":10},"end":{"line":89,"column":11}},"type":"if","locations":[{"start":{"line":71,"column":10},"end":{"line":89,"column":11}},{"start":{"line":80,"column":17},"end":{"line":89,"column":11}}],"line":71},"9":{"loc":{"start":{"line":80,"column":17},"end":{"line":89,"column":11}},"type":"if","locations":[{"start":{"line":80,"column":17},"end":{"line":89,"column":11}},{"start":{},"end":{}}],"line":80},"10":{"loc":{"start":{"line":104,"column":8},"end":{"line":114,"column":9}},"type":"if","locations":[{"start":{"line":104,"column":8},"end":{"line":114,"column":9}},{"start":{"line":112,"column":15},"end":{"line":114,"column":9}}],"line":104},"11":{"loc":{"start":{"line":125,"column":16},"end":{"line":125,"column":54}},"type":"binary-expr","locations":[{"start":{"line":125,"column":16},"end":{"line":125,"column":26}},{"start":{"line":125,"column":30},"end":{"line":125,"column":54}}],"line":125},"12":{"loc":{"start":{"line":126,"column":2},"end":{"line":167,"column":3}},"type":"if","locations":[{"start":{"line":126,"column":2},"end":{"line":167,"column":3}},{"start":{"line":128,"column":9},"end":{"line":167,"column":3}}],"line":126},"13":{"loc":{"start":{"line":130,"column":6},"end":{"line":159,"column":7}},"type":"if","locations":[{"start":{"line":130,"column":6},"end":{"line":159,"column":7}},{"start":{},"end":{}}],"line":130},"14":{"loc":{"start":{"line":131,"column":8},"end":{"line":149,"column":9}},"type":"if","locations":[{"start":{"line":131,"column":8},"end":{"line":149,"column":9}},{"start":{"line":140,"column":15},"end":{"line":149,"column":9}}],"line":131},"15":{"loc":{"start":{"line":140,"column":15},"end":{"line":149,"column":9}},"type":"if","locations":[{"start":{"line":140,"column":15},"end":{"line":149,"column":9}},{"start":{},"end":{}}],"line":140}},"s":{"0":1,"1":1,"2":1,"3":0,"4":0,"5":0,"6":0,"7":0,"8":0,"9":0,"10":0,"11":0,"12":0,"13":0,"14":0,"15":0,"16":0,"17":0,"18":0,"19":0,"20":1,"21":3,"22":3,"23":3,"24":1,"25":2,"26":2,"27":1,"28":0,"29":1,"30":1,"31":0,"32":0,"33":1,"34":1,"35":1,"36":1,"37":0,"38":1,"39":1,"40":1,"41":1,"42":1,"43":1,"44":1,"45":0,"46":0,"47":0,"48":0,"49":0,"50":0,"51":0,"52":0,"53":0,"54":0,"55":0,"56":0,"57":0,"58":0,"59":0,"60":0,"61":0,"62":1},"f":{"0":0,"1":0,"2":3,"3":2,"4":0,"5":0},"b":{"0":[0,0],"1":[0,0],"2":[0,0],"3":[0,0],"4":[0,0],"5":[3,2],"6":[1,2],"7":[1,1],"8":[0,1],"9":[1,0],"10":[0,1],"11":[0,0],"12":[0,0],"13":[0,0],"14":[0,0],"15":[0,0]},"_coverageSchema":"1a1c01bbd47fc00a2c39e90264f33305004495a9","hash":"ff35106347b37fff011ee64e099258959e9e6d7f"}
,"D:\\Project\\capstone-projects\\tenan-project\\tenan-api\\routes\\lodgingsRoute.js": {"path":"D:\\Project\\capstone-projects\\tenan-project\\tenan-api\\routes\\lodgingsRoute.js","statementMap":{"0":{"start":{"line":2,"column":16},"end":{"line":2,"column":34}},"1":{"start":{"line":3,"column":15},"end":{"line":3,"column":31}},"2":{"start":{"line":7,"column":23},"end":{"line":7,"column":67}},"3":{"start":{"line":8,"column":42},"end":{"line":8,"column":79}},"4":{"start":{"line":10,"column":0},"end":{"line":10,"column":32}},"5":{"start":{"line":11,"column":0},"end":{"line":11,"column":79}},"6":{"start":{"line":13,"column":0},"end":{"line":13,"column":24}}},"fnMap":{},"branchMap":{},"s":{"0":1,"1":1,"2":1,"3":1,"4":1,"5":1,"6":1},"f":{},"b":{},"_coverageSchema":"1a1c01bbd47fc00a2c39e90264f33305004495a9","hash":"bfae9243357d62bafb0164ea48d9275e2e261d21"}
,"D:\\Project\\capstone-projects\\tenan-project\\tenan-api\\routes\\tourismsRoute.js": {"path":"D:\\Project\\capstone-projects\\tenan-project\\tenan-api\\routes\\tourismsRoute.js","statementMap":{"0":{"start":{"line":2,"column":16},"end":{"line":2,"column":34}},"1":{"start":{"line":3,"column":15},"end":{"line":3,"column":31}},"2":{"start":{"line":10,"column":28},"end":{"line":10,"column":72}},"3":{"start":{"line":11,"column":42},"end":{"line":11,"column":79}},"4":{"start":{"line":13,"column":0},"end":{"line":13,"column":32}},"5":{"start":{"line":14,"column":0},"end":{"line":14,"column":29}},"6":{"start":{"line":15,"column":0},"end":{"line":15,"column":79}},"7":{"start":{"line":16,"column":0},"end":{"line":16,"column":56}},"8":{"start":{"line":17,"column":0},"end":{"line":17,"column":60}},"9":{"start":{"line":19,"column":0},"end":{"line":19,"column":24}}},"fnMap":{},"branchMap":{},"s":{"0":1,"1":1,"2":1,"3":1,"4":1,"5":1,"6":1,"7":1,"8":1,"9":1},"f":{},"b":{},"_coverageSchema":"1a1c01bbd47fc00a2c39e90264f33305004495a9","hash":"23fc86f4c7eeec834ce3142375b23e866959051a"}
,"D:\\Project\\capstone-projects\\tenan-project\\tenan-api\\routes\\userRoute.js": {"path":"D:\\Project\\capstone-projects\\tenan-project\\tenan-api\\routes\\userRoute.js","statementMap":{"0":{"start":{"line":2,"column":16},"end":{"line":2,"column":34}},"1":{"start":{"line":3,"column":15},"end":{"line":3,"column":31}},"2":{"start":{"line":5,"column":29},"end":{"line":5,"column":66}},"3":{"start":{"line":17,"column":26},"end":{"line":17,"column":66}},"4":{"start":{"line":19,"column":0},"end":{"line":19,"column":30}},"5":{"start":{"line":20,"column":0},"end":{"line":20,"column":33}},"6":{"start":{"line":21,"column":0},"end":{"line":21,"column":55}},"7":{"start":{"line":22,"column":0},"end":{"line":22,"column":58}},"8":{"start":{"line":23,"column":0},"end":{"line":23,"column":60}},"9":{"start":{"line":24,"column":0},"end":{"line":25,"column":26}},"10":{"start":{"line":26,"column":0},"end":{"line":27,"column":24}},"11":{"start":{"line":28,"column":0},"end":{"line":29,"column":27}},"12":{"start":{"line":30,"column":0},"end":{"line":31,"column":26}},"13":{"start":{"line":32,"column":0},"end":{"line":33,"column":24}},"14":{"start":{"line":34,"column":0},"end":{"line":35,"column":27}},"15":{"start":{"line":37,"column":0},"end":{"line":37,"column":24}}},"fnMap":{},"branchMap":{},"s":{"0":1,"1":1,"2":1,"3":1,"4":1,"5":1,"6":1,"7":1,"8":1,"9":1,"10":1,"11":1,"12":1,"13":1,"14":1,"15":1},"f":{},"b":{},"_coverageSchema":"1a1c01bbd47fc00a2c39e90264f33305004495a9","hash":"4c856c25ef320c94bcc09a7518e47d3e01bee744"}
,"D:\\Project\\capstone-projects\\tenan-project\\tenan-api\\test\\dataTest.js": {"path":"D:\\Project\\capstone-projects\\tenan-project\\tenan-api\\test\\dataTest.js","statementMap":{"0":{"start":{"line":1,"column":29},"end":{"line":10,"column":1}},"1":{"start":{"line":3,"column":2},"end":{"line":3,"column":66}},"2":{"start":{"line":4,"column":15},"end":{"line":4,"column":17}},"3":{"start":{"line":5,"column":2},"end":{"line":8,"column":3}},"4":{"start":{"line":5,"column":15},"end":{"line":5,"column":16}},"5":{"start":{"line":6,"column":24},"end":{"line":6,"column":69}},"6":{"start":{"line":7,"column":4},"end":{"line":7,"column":45}},"7":{"start":{"line":9,"column":2},"end":{"line":9,"column":16}},"8":{"start":{"line":12,"column":23},"end":{"line":28,"column":1}},"9":{"start":{"line":13,"column":22},"end":{"line":13,"column":67}},"10":{"start":{"line":14,"column":21},"end":{"line":14,"column":57}},"11":{"start":{"line":15,"column":19},"end":{"line":15,"column":37}},"12":{"start":{"line":17,"column":25},"end":{"line":20,"column":3}},"13":{"start":{"line":22,"column":28},"end":{"line":26,"column":3}},"14":{"start":{"line":27,"column":2},"end":{"line":27,"column":45}},"15":{"start":{"line":30,"column":0},"end":{"line":30,"column":34}}},"fnMap":{"0":{"name":"(anonymous_0)","decl":{"start":{"line":1,"column":29},"end":{"line":1,"column":30}},"loc":{"start":{"line":1,"column":41},"end":{"line":10,"column":1}},"line":1},"1":{"name":"(anonymous_1)","decl":{"start":{"line":12,"column":23},"end":{"line":12,"column":24}},"loc":{"start":{"line":12,"column":29},"end":{"line":28,"column":1}},"line":12}},"branchMap":{},"s":{"0":1,"1":2,"2":2,"3":2,"4":2,"5":10,"6":10,"7":2,"8":1,"9":1,"10":1,"11":1,"12":1,"13":1,"14":1,"15":1},"f":{"0":2,"1":1},"b":{},"_coverageSchema":"1a1c01bbd47fc00a2c39e90264f33305004495a9","hash":"b9d1f3a1d6e1e985ef923153c9dc15a2923f60eb"}
,"D:\\Project\\capstone-projects\\tenan-project\\tenan-api\\utils\\creation.js": {"path":"D:\\Project\\capstone-projects\\tenan-project\\tenan-api\\utils\\creation.js","statementMap":{"0":{"start":{"line":1,"column":15},"end":{"line":1,"column":51}},"1":{"start":{"line":2,"column":19},"end":{"line":2,"column":21}},"2":{"start":{"line":3,"column":15},"end":{"line":3,"column":32}},"3":{"start":{"line":4,"column":12},"end":{"line":4,"column":35}},"4":{"start":{"line":6,"column":19},"end":{"line":16,"column":1}},"5":{"start":{"line":7,"column":15},"end":{"line":7,"column":57}},"6":{"start":{"line":9,"column":2},"end":{"line":9,"column":23}},"7":{"start":{"line":11,"column":19},"end":{"line":13,"column":4}},"8":{"start":{"line":12,"column":4},"end":{"line":12,"column":13}},"9":{"start":{"line":15,"column":2},"end":{"line":15,"column":18}},"10":{"start":{"line":18,"column":26},"end":{"line":23,"column":1}},"11":{"start":{"line":19,"column":22},"end":{"line":20,"column":25}},"12":{"start":{"line":22,"column":2},"end":{"line":22,"column":21}},"13":{"start":{"line":25,"column":27},"end":{"line":30,"column":1}},"14":{"start":{"line":26,"column":23},"end":{"line":27,"column":26}},"15":{"start":{"line":29,"column":2},"end":{"line":29,"column":22}},"16":{"start":{"line":32,"column":0},"end":{"line":32,"column":69}}},"fnMap":{"0":{"name":"(anonymous_0)","decl":{"start":{"line":6,"column":19},"end":{"line":6,"column":20}},"loc":{"start":{"line":6,"column":35},"end":{"line":16,"column":1}},"line":6},"1":{"name":"(anonymous_1)","decl":{"start":{"line":11,"column":58},"end":{"line":11,"column":59}},"loc":{"start":{"line":11,"column":67},"end":{"line":13,"column":3}},"line":11},"2":{"name":"(anonymous_2)","decl":{"start":{"line":18,"column":26},"end":{"line":18,"column":27}},"loc":{"start":{"line":18,"column":36},"end":{"line":23,"column":1}},"line":18},"3":{"name":"(anonymous_3)","decl":{"start":{"line":25,"column":27},"end":{"line":25,"column":28}},"loc":{"start":{"line":25,"column":37},"end":{"line":30,"column":1}},"line":25}},"branchMap":{},"s":{"0":1,"1":1,"2":1,"3":1,"4":1,"5":1,"6":1,"7":1,"8":0,"9":1,"10":1,"11":1,"12":1,"13":1,"14":1,"15":1,"16":1},"f":{"0":1,"1":0,"2":1,"3":1},"b":{},"_coverageSchema":"1a1c01bbd47fc00a2c39e90264f33305004495a9","hash":"7088f429ee515d2d22a34607a6f8150124474d09"}
,"D:\\Project\\capstone-projects\\tenan-project\\tenan-api\\utils\\validation.js": {"path":"D:\\Project\\capstone-projects\\tenan-project\\tenan-api\\utils\\validation.js","statementMap":{"0":{"start":{"line":1,"column":22},"end":{"line":5,"column":1}},"1":{"start":{"line":2,"column":2},"end":{"line":4,"column":4}},"2":{"start":{"line":7,"column":25},"end":{"line":12,"column":1}},"3":{"start":{"line":8,"column":2},"end":{"line":11,"column":4}},"4":{"start":{"line":14,"column":0},"end":{"line":17,"column":2}}},"fnMap":{"0":{"name":"(anonymous_0)","decl":{"start":{"line":1,"column":22},"end":{"line":1,"column":23}},"loc":{"start":{"line":1,"column":33},"end":{"line":5,"column":1}},"line":1},"1":{"name":"(anonymous_1)","decl":{"start":{"line":7,"column":25},"end":{"line":7,"column":26}},"loc":{"start":{"line":7,"column":39},"end":{"line":12,"column":1}},"line":7}},"branchMap":{},"s":{"0":1,"1":1,"2":1,"3":1,"4":1},"f":{"0":1,"1":1},"b":{},"_coverageSchema":"1a1c01bbd47fc00a2c39e90264f33305004495a9","hash":"25720782bb2b419dfb122e3cb6ca84cb48af428e"}
}
