TN:
SF:index.js
FN:10,(anonymous_0)
FN:13,(anonymous_1)
FN:26,(anonymous_2)
FN:40,(anonymous_3)
FN:51,(anonymous_4)
FNF:5
FNH:1
FNDA:2,(anonymous_0)
FNDA:0,(anonymous_1)
FNDA:0,(anonymous_2)
FNDA:0,(anonymous_3)
FNDA:0,(anonymous_4)
DA:1,2
DA:2,2
DA:3,2
DA:4,2
DA:5,2
DA:6,2
DA:9,2
DA:11,2
DA:14,0
DA:17,2
DA:18,2
DA:21,2
DA:23,2
DA:24,2
DA:26,2
DA:27,0
DA:33,2
DA:34,2
DA:35,2
DA:37,2
DA:40,2
DA:41,0
DA:50,2
DA:51,0
DA:52,0
DA:56,2
LF:26
LH:21
BRDA:50,0,0,0
BRDA:50,0,1,2
BRDA:50,1,0,2
BRDA:50,1,1,0
BRF:4
BRH:2
end_of_record
TN:
SF:configs\data-source.js
FNF:0
FNH:0
DA:1,2
DA:3,2
DA:14,2
LF:3
LH:3
BRF:0
BRH:0
end_of_record
TN:
SF:controllers\lodgingsController.js
FN:3,(anonymous_0)
FN:152,(anonymous_1)
FNF:2
FNH:0
FNDA:0,(anonymous_0)
FNDA:0,(anonymous_1)
DA:1,2
DA:3,2
DA:4,0
DA:5,0
DA:6,0
DA:9,0
DA:12,0
DA:17,0
DA:18,0
DA:20,0
DA:21,0
DA:22,0
DA:25,0
DA:37,0
DA:38,0
DA:46,0
DA:47,0
DA:49,0
DA:53,0
DA:54,0
DA:56,0
DA:69,0
DA:70,0
DA:79,0
DA:80,0
DA:88,0
DA:89,0
DA:91,0
DA:94,0
DA:95,0
DA:97,0
DA:110,0
DA:111,0
DA:120,0
DA:121,0
DA:131,0
DA:132,0
DA:140,0
DA:152,2
DA:153,0
DA:154,0
DA:155,0
DA:156,0
DA:157,0
DA:158,0
DA:162,0
DA:163,0
DA:167,0
DA:182,0
DA:183,0
DA:191,0
DA:192,0
DA:199,0
DA:200,0
DA:210,2
LF:55
LH:4
BRDA:9,0,0,0
BRDA:9,0,1,0
BRDA:9,1,0,0
BRDA:9,1,1,0
BRDA:17,2,0,0
BRDA:17,2,1,0
BRDA:17,3,0,0
BRDA:17,3,1,0
BRDA:46,4,0,0
BRDA:46,4,1,0
BRDA:46,5,0,0
BRDA:46,5,1,0
BRDA:69,6,0,0
BRDA:69,6,1,0
BRDA:69,7,0,0
BRDA:69,7,1,0
BRDA:88,8,0,0
BRDA:88,8,1,0
BRDA:88,9,0,0
BRDA:88,9,1,0
BRDA:110,10,0,0
BRDA:110,10,1,0
BRDA:110,11,0,0
BRDA:110,11,1,0
BRDA:131,12,0,0
BRDA:131,12,1,0
BRDA:157,13,0,0
BRDA:157,13,1,0
BRDA:162,14,0,0
BRDA:162,14,1,0
BRDA:182,15,0,0
BRDA:182,15,1,0
BRF:32
BRH:0
end_of_record
TN:
SF:controllers\tourismsController.js
FN:5,(anonymous_0)
FN:160,(anonymous_1)
FN:219,(anonymous_2)
FN:239,(anonymous_3)
FN:281,(anonymous_4)
FNF:5
FNH:0
FNDA:0,(anonymous_0)
FNDA:0,(anonymous_1)
FNDA:0,(anonymous_2)
FNDA:0,(anonymous_3)
FNDA:0,(anonymous_4)
DA:1,2
DA:2,2
DA:5,2
DA:6,0
DA:7,0
DA:8,0
DA:11,0
DA:14,0
DA:19,0
DA:20,0
DA:22,0
DA:23,0
DA:24,0
DA:27,0
DA:41,0
DA:42,0
DA:50,0
DA:51,0
DA:53,0
DA:57,0
DA:58,0
DA:60,0
DA:75,0
DA:76,0
DA:85,0
DA:86,0
DA:94,0
DA:95,0
DA:97,0
DA:100,0
DA:101,0
DA:103,0
DA:118,0
DA:119,0
DA:128,0
DA:129,0
DA:139,0
DA:140,0
DA:148,0
DA:160,2
DA:161,0
DA:162,0
DA:163,0
DA:164,0
DA:165,0
DA:166,0
DA:170,0
DA:171,0
DA:175,0
DA:191,0
DA:192,0
DA:200,0
DA:201,0
DA:208,0
DA:209,0
DA:219,2
DA:220,0
DA:221,0
DA:222,0
DA:228,0
DA:229,0
DA:239,2
DA:240,0
DA:241,0
DA:242,0
DA:251,0
DA:252,0
DA:264,0
DA:270,0
DA:271,0
DA:281,2
DA:282,0
DA:283,0
DA:284,0
DA:285,0
DA:293,0
DA:294,0
DA:307,0
DA:313,0
DA:314,0
DA:324,2
LF:81
LH:8
BRDA:11,0,0,0
BRDA:11,0,1,0
BRDA:11,1,0,0
BRDA:11,1,1,0
BRDA:19,2,0,0
BRDA:19,2,1,0
BRDA:19,3,0,0
BRDA:19,3,1,0
BRDA:50,4,0,0
BRDA:50,4,1,0
BRDA:50,5,0,0
BRDA:50,5,1,0
BRDA:75,6,0,0
BRDA:75,6,1,0
BRDA:75,7,0,0
BRDA:75,7,1,0
BRDA:94,8,0,0
BRDA:94,8,1,0
BRDA:94,9,0,0
BRDA:94,9,1,0
BRDA:118,10,0,0
BRDA:118,10,1,0
BRDA:118,11,0,0
BRDA:118,11,1,0
BRDA:139,12,0,0
BRDA:139,12,1,0
BRDA:165,13,0,0
BRDA:165,13,1,0
BRDA:170,14,0,0
BRDA:170,14,1,0
BRDA:191,15,0,0
BRDA:191,15,1,0
BRF:32
BRH:0
end_of_record
TN:
SF:controllers\userController.js
FN:13,(anonymous_0)
FN:51,(anonymous_1)
FN:115,(anonymous_2)
FN:132,(anonymous_3)
FN:146,(anonymous_4)
FN:176,(anonymous_5)
FN:196,(anonymous_6)
FN:224,(anonymous_7)
FN:244,(anonymous_8)
FN:297,(anonymous_9)
FN:332,(anonymous_10)
FN:347,(anonymous_11)
FN:381,(anonymous_12)
FN:434,(anonymous_13)
FN:469,(anonymous_14)
FN:484,(anonymous_15)
FNF:16
FNH:5
FNDA:11,(anonymous_0)
FNDA:0,(anonymous_1)
FNDA:3,(anonymous_2)
FNDA:2,(anonymous_3)
FNDA:1,(anonymous_4)
FNDA:0,(anonymous_5)
FNDA:1,(anonymous_6)
FNDA:0,(anonymous_7)
FNDA:0,(anonymous_8)
FNDA:0,(anonymous_9)
FNDA:0,(anonymous_10)
FNDA:0,(anonymous_11)
FNDA:0,(anonymous_12)
FNDA:0,(anonymous_13)
FNDA:0,(anonymous_14)
FNDA:0,(anonymous_15)
DA:1,2
DA:2,2
DA:3,2
DA:7,2
DA:11,2
DA:13,2
DA:14,11
DA:16,11
DA:17,2
DA:27,9
DA:28,2
DA:38,7
DA:39,2
DA:50,5
DA:52,0
DA:54,5
DA:55,0
DA:62,5
DA:63,2
DA:72,3
DA:94,3
DA:96,3
DA:97,0
DA:106,3
DA:115,2
DA:116,3
DA:117,3
DA:120,3
DA:121,3
DA:122,1
DA:132,2
DA:133,2
DA:134,1
DA:142,1
DA:143,1
DA:145,1
DA:147,1
DA:155,1
DA:165,1
DA:176,2
DA:178,0
DA:179,0
DA:185,0
DA:187,0
DA:196,2
DA:197,1
DA:198,1
DA:199,1
DA:203,1
DA:204,1
DA:213,0
DA:214,0
DA:224,2
DA:225,0
DA:227,0
DA:229,0
DA:230,0
DA:232,0
DA:244,2
DA:245,0
DA:246,0
DA:251,0
DA:254,0
DA:255,0
DA:264,0
DA:267,0
DA:268,0
DA:278,0
DA:286,0
DA:287,0
DA:297,2
DA:298,0
DA:299,0
DA:303,0
DA:304,0
DA:312,0
DA:321,0
DA:322,0
DA:332,2
DA:333,0
DA:334,0
DA:338,0
DA:339,0
DA:347,0
DA:349,0
DA:363,0
DA:370,0
DA:371,0
DA:381,2
DA:382,0
DA:383,0
DA:388,0
DA:391,0
DA:392,0
DA:401,0
DA:404,0
DA:405,0
DA:415,0
DA:423,0
DA:424,0
DA:434,2
DA:435,0
DA:436,0
DA:440,0
DA:441,0
DA:449,0
DA:458,0
DA:459,0
DA:469,2
DA:470,0
DA:471,0
DA:475,0
DA:476,0
DA:484,0
DA:486,0
DA:498,0
DA:505,0
DA:506,0
DA:517,2
LF:119
LH:51
BRDA:16,0,0,2
BRDA:16,0,1,9
BRDA:16,1,0,11
BRDA:16,1,1,9
BRDA:16,1,2,9
BRDA:27,2,0,2
BRDA:27,2,1,7
BRDA:38,3,0,2
BRDA:38,3,1,5
BRDA:54,4,0,0
BRDA:54,4,1,5
BRDA:62,5,0,2
BRDA:62,5,1,3
BRDA:96,6,0,0
BRDA:96,6,1,3
BRDA:121,7,0,1
BRDA:121,7,1,2
BRDA:133,8,0,1
BRDA:133,8,1,1
BRDA:203,9,0,1
BRDA:203,9,1,0
BRDA:229,10,0,0
BRDA:229,10,1,0
BRDA:254,11,0,0
BRDA:254,11,1,0
BRDA:267,12,0,0
BRDA:267,12,1,0
BRDA:303,13,0,0
BRDA:303,13,1,0
BRDA:338,14,0,0
BRDA:338,14,1,0
BRDA:391,15,0,0
BRDA:391,15,1,0
BRDA:404,16,0,0
BRDA:404,16,1,0
BRDA:440,17,0,0
BRDA:440,17,1,0
BRDA:475,18,0,0
BRDA:475,18,1,0
BRF:39
BRH:18
end_of_record
TN:
SF:middleware\authenticate.js
FN:4,(anonymous_0)
FN:16,(anonymous_1)
FN:56,(anonymous_2)
FN:69,(anonymous_3)
FN:121,(anonymous_4)
FN:127,(anonymous_5)
FNF:6
FNH:2
FNDA:0,(anonymous_0)
FNDA:0,(anonymous_1)
FNDA:3,(anonymous_2)
FNDA:2,(anonymous_3)
FNDA:0,(anonymous_4)
FNDA:0,(anonymous_5)
DA:1,2
DA:2,2
DA:4,2
DA:5,0
DA:6,0
DA:7,0
DA:8,0
DA:16,0
DA:17,0
DA:18,0
DA:20,0
DA:27,0
DA:29,0
DA:38,0
DA:39,0
DA:48,0
DA:49,0
DA:50,0
DA:51,0
DA:52,0
DA:56,2
DA:57,3
DA:58,3
DA:59,3
DA:60,1
DA:68,2
DA:70,2
DA:71,1
DA:73,0
DA:80,1
DA:82,1
DA:91,0
DA:92,0
DA:101,1
DA:102,1
DA:103,0
DA:111,1
DA:113,1
DA:114,1
DA:115,1
DA:116,1
DA:117,1
DA:121,2
DA:122,0
DA:123,0
DA:124,0
DA:125,0
DA:127,0
DA:128,0
DA:129,0
DA:131,0
DA:138,0
DA:140,0
DA:149,0
DA:150,0
DA:159,0
DA:160,0
DA:161,0
DA:162,0
DA:163,0
DA:169,2
LF:61
LH:23
BRDA:6,0,0,0
BRDA:6,0,1,0
BRDA:7,1,0,0
BRDA:7,1,1,0
BRDA:17,2,0,0
BRDA:17,2,1,0
BRDA:18,3,0,0
BRDA:18,3,1,0
BRDA:27,4,0,0
BRDA:27,4,1,0
BRDA:58,5,0,3
BRDA:58,5,1,2
BRDA:59,6,0,1
BRDA:59,6,1,2
BRDA:70,7,0,1
BRDA:70,7,1,1
BRDA:71,8,0,0
BRDA:71,8,1,1
BRDA:80,9,0,1
BRDA:80,9,1,0
BRDA:102,10,0,0
BRDA:102,10,1,1
BRDA:123,11,0,0
BRDA:123,11,1,0
BRDA:124,12,0,0
BRDA:124,12,1,0
BRDA:128,13,0,0
BRDA:128,13,1,0
BRDA:129,14,0,0
BRDA:129,14,1,0
BRDA:138,15,0,0
BRDA:138,15,1,0
BRF:32
BRH:9
end_of_record
TN:
SF:routes\lodgingsRoute.js
FNF:0
FNH:0
DA:2,2
DA:3,2
DA:7,2
DA:8,2
DA:10,2
DA:11,2
DA:13,2
LF:7
LH:7
BRF:0
BRH:0
end_of_record
TN:
SF:routes\tourismsRoute.js
FNF:0
FNH:0
DA:2,2
DA:3,2
DA:10,2
DA:11,2
DA:13,2
DA:14,2
DA:15,2
DA:16,2
DA:17,2
DA:19,2
LF:10
LH:10
BRF:0
BRH:0
end_of_record
TN:
SF:routes\userRoute.js
FNF:0
FNH:0
DA:2,2
DA:3,2
DA:5,2
DA:17,2
DA:19,2
DA:20,2
DA:21,2
DA:22,2
DA:23,2
DA:24,2
DA:26,2
DA:28,2
DA:30,2
DA:32,2
DA:34,2
DA:37,2
LF:16
LH:16
BRF:0
BRH:0
end_of_record
TN:
SF:utils\creation.js
FN:6,(anonymous_0)
FN:11,(anonymous_1)
FN:18,(anonymous_2)
FN:25,(anonymous_3)
FNF:4
FNH:3
FNDA:3,(anonymous_0)
FNDA:0,(anonymous_1)
FNDA:1,(anonymous_2)
FNDA:1,(anonymous_3)
DA:1,2
DA:2,2
DA:3,2
DA:4,2
DA:6,2
DA:7,3
DA:9,3
DA:11,3
DA:12,0
DA:15,3
DA:18,2
DA:19,1
DA:22,1
DA:25,2
DA:26,1
DA:29,1
DA:32,2
LF:17
LH:16
BRF:0
BRH:0
end_of_record
TN:
SF:utils\validation.js
FN:1,(anonymous_0)
FN:7,(anonymous_1)
FNF:2
FNH:2
FNDA:9,(anonymous_0)
FNDA:7,(anonymous_1)
DA:1,2
DA:2,9
DA:7,2
DA:8,7
DA:14,2
LF:5
LH:5
BRF:0
BRH:0
end_of_record
