TN:
SF:index.js
FN:10,(anonymous_0)
FN:13,(anonymous_1)
FN:26,(anonymous_2)
FN:40,(anonymous_3)
FN:51,(anonymous_4)
FNF:5
FNH:1
FNDA:3,(anonymous_0)
FNDA:0,(anonymous_1)
FNDA:0,(anonymous_2)
FNDA:0,(anonymous_3)
FNDA:0,(anonymous_4)
DA:1,3
DA:2,3
DA:3,3
DA:4,3
DA:5,3
DA:6,3
DA:9,3
DA:11,3
DA:14,0
DA:17,3
DA:18,3
DA:21,3
DA:23,3
DA:24,3
DA:26,3
DA:27,0
DA:33,3
DA:34,3
DA:35,3
DA:37,3
DA:40,3
DA:41,0
DA:50,3
DA:51,0
DA:52,0
DA:56,3
LF:26
LH:21
BRDA:50,0,0,0
BRDA:50,0,1,3
BRDA:50,1,0,3
BRDA:50,1,1,0
BRF:4
BRH:2
end_of_record
TN:
SF:configs\data-source.js
FNF:0
FNH:0
DA:1,3
DA:3,3
DA:14,3
LF:3
LH:3
BRF:0
BRH:0
end_of_record
TN:
SF:controllers\lodgingsController.js
FN:3,(anonymous_0)
FN:152,(anonymous_1)
FNF:2
FNH:0
FNDA:0,(anonymous_0)
FNDA:0,(anonymous_1)
DA:1,3
DA:3,3
DA:4,0
DA:5,0
DA:6,0
DA:9,0
DA:12,0
DA:17,0
DA:18,0
DA:20,0
DA:21,0
DA:22,0
DA:25,0
DA:37,0
DA:38,0
DA:46,0
DA:47,0
DA:49,0
DA:53,0
DA:54,0
DA:56,0
DA:69,0
DA:70,0
DA:79,0
DA:80,0
DA:88,0
DA:89,0
DA:91,0
DA:94,0
DA:95,0
DA:97,0
DA:110,0
DA:111,0
DA:120,0
DA:121,0
DA:131,0
DA:132,0
DA:140,0
DA:152,3
DA:153,0
DA:154,0
DA:155,0
DA:156,0
DA:157,0
DA:158,0
DA:162,0
DA:163,0
DA:167,0
DA:182,0
DA:183,0
DA:191,0
DA:192,0
DA:199,0
DA:200,0
DA:210,3
LF:55
LH:4
BRDA:9,0,0,0
BRDA:9,0,1,0
BRDA:9,1,0,0
BRDA:9,1,1,0
BRDA:17,2,0,0
BRDA:17,2,1,0
BRDA:17,3,0,0
BRDA:17,3,1,0
BRDA:46,4,0,0
BRDA:46,4,1,0
BRDA:46,5,0,0
BRDA:46,5,1,0
BRDA:69,6,0,0
BRDA:69,6,1,0
BRDA:69,7,0,0
BRDA:69,7,1,0
BRDA:88,8,0,0
BRDA:88,8,1,0
BRDA:88,9,0,0
BRDA:88,9,1,0
BRDA:110,10,0,0
BRDA:110,10,1,0
BRDA:110,11,0,0
BRDA:110,11,1,0
BRDA:131,12,0,0
BRDA:131,12,1,0
BRDA:157,13,0,0
BRDA:157,13,1,0
BRDA:162,14,0,0
BRDA:162,14,1,0
BRDA:182,15,0,0
BRDA:182,15,1,0
BRF:32
BRH:0
end_of_record
TN:
SF:controllers\tourismsController.js
FN:5,(anonymous_0)
FN:160,(anonymous_1)
FN:219,(anonymous_2)
FN:239,(anonymous_3)
FN:281,(anonymous_4)
FNF:5
FNH:2
FNDA:8,(anonymous_0)
FNDA:2,(anonymous_1)
FNDA:0,(anonymous_2)
FNDA:0,(anonymous_3)
FNDA:0,(anonymous_4)
DA:1,3
DA:2,3
DA:5,3
DA:6,8
DA:7,8
DA:8,8
DA:11,8
DA:14,8
DA:19,8
DA:20,4
DA:22,4
DA:23,4
DA:24,4
DA:27,4
DA:41,0
DA:42,0
DA:50,4
DA:51,2
DA:53,2
DA:57,2
DA:58,2
DA:60,2
DA:75,2
DA:76,1
DA:85,0
DA:86,0
DA:94,2
DA:95,2
DA:97,2
DA:100,2
DA:101,2
DA:103,2
DA:118,2
DA:119,1
DA:128,0
DA:129,0
DA:139,6
DA:140,1
DA:148,5
DA:160,3
DA:161,2
DA:162,2
DA:163,2
DA:164,2
DA:165,2
DA:166,0
DA:170,0
DA:171,0
DA:175,2
DA:191,2
DA:192,0
DA:200,2
DA:201,2
DA:208,0
DA:209,0
DA:219,3
DA:220,0
DA:221,0
DA:222,0
DA:228,0
DA:229,0
DA:239,3
DA:240,0
DA:241,0
DA:242,0
DA:251,0
DA:252,0
DA:264,0
DA:270,0
DA:271,0
DA:281,3
DA:282,0
DA:283,0
DA:284,0
DA:285,0
DA:293,0
DA:294,0
DA:307,0
DA:313,0
DA:314,0
DA:324,3
LF:81
LH:47
BRDA:11,0,0,2
BRDA:11,0,1,6
BRDA:11,1,0,8
BRDA:11,1,1,3
BRDA:19,2,0,4
BRDA:19,2,1,4
BRDA:19,3,0,8
BRDA:19,3,1,6
BRDA:50,4,0,2
BRDA:50,4,1,2
BRDA:50,5,0,4
BRDA:50,5,1,2
BRDA:75,6,0,1
BRDA:75,6,1,1
BRDA:75,7,0,2
BRDA:75,7,1,1
BRDA:94,8,0,2
BRDA:94,8,1,0
BRDA:94,9,0,2
BRDA:94,9,1,2
BRDA:118,10,0,1
BRDA:118,10,1,1
BRDA:118,11,0,2
BRDA:118,11,1,1
BRDA:139,12,0,1
BRDA:139,12,1,5
BRDA:165,13,0,0
BRDA:165,13,1,2
BRDA:170,14,0,0
BRDA:170,14,1,0
BRDA:191,15,0,0
BRDA:191,15,1,2
BRF:32
BRH:27
end_of_record
TN:
SF:controllers\userController.js
FN:13,(anonymous_0)
FN:51,(anonymous_1)
FN:115,(anonymous_2)
FN:132,(anonymous_3)
FN:146,(anonymous_4)
FN:176,(anonymous_5)
FN:196,(anonymous_6)
FN:224,(anonymous_7)
FN:244,(anonymous_8)
FN:297,(anonymous_9)
FN:332,(anonymous_10)
FN:347,(anonymous_11)
FN:381,(anonymous_12)
FN:434,(anonymous_13)
FN:469,(anonymous_14)
FN:484,(anonymous_15)
FNF:16
FNH:4
FNDA:17,(anonymous_0)
FNDA:0,(anonymous_1)
FNDA:3,(anonymous_2)
FNDA:2,(anonymous_3)
FNDA:1,(anonymous_4)
FNDA:0,(anonymous_5)
FNDA:0,(anonymous_6)
FNDA:0,(anonymous_7)
FNDA:0,(anonymous_8)
FNDA:0,(anonymous_9)
FNDA:0,(anonymous_10)
FNDA:0,(anonymous_11)
FNDA:0,(anonymous_12)
FNDA:0,(anonymous_13)
FNDA:0,(anonymous_14)
FNDA:0,(anonymous_15)
DA:1,3
DA:2,3
DA:3,3
DA:7,3
DA:11,3
DA:13,3
DA:14,17
DA:16,17
DA:17,3
DA:27,14
DA:28,3
DA:38,11
DA:39,3
DA:50,8
DA:52,0
DA:54,8
DA:55,0
DA:62,8
DA:63,3
DA:72,5
DA:94,5
DA:96,5
DA:97,0
DA:106,5
DA:115,3
DA:116,3
DA:117,3
DA:120,3
DA:121,3
DA:122,1
DA:132,2
DA:133,2
DA:134,1
DA:142,1
DA:143,1
DA:145,1
DA:147,1
DA:155,1
DA:165,1
DA:176,3
DA:178,0
DA:179,0
DA:185,0
DA:187,0
DA:196,3
DA:197,0
DA:198,0
DA:199,0
DA:203,0
DA:204,0
DA:213,0
DA:214,0
DA:224,3
DA:225,0
DA:227,0
DA:229,0
DA:230,0
DA:232,0
DA:244,3
DA:245,0
DA:246,0
DA:251,0
DA:254,0
DA:255,0
DA:264,0
DA:267,0
DA:268,0
DA:278,0
DA:286,0
DA:287,0
DA:297,3
DA:298,0
DA:299,0
DA:303,0
DA:304,0
DA:312,0
DA:321,0
DA:322,0
DA:332,3
DA:333,0
DA:334,0
DA:338,0
DA:339,0
DA:347,0
DA:349,0
DA:363,0
DA:370,0
DA:371,0
DA:381,3
DA:382,0
DA:383,0
DA:388,0
DA:391,0
DA:392,0
DA:401,0
DA:404,0
DA:405,0
DA:415,0
DA:423,0
DA:424,0
DA:434,3
DA:435,0
DA:436,0
DA:440,0
DA:441,0
DA:449,0
DA:458,0
DA:459,0
DA:469,3
DA:470,0
DA:471,0
DA:475,0
DA:476,0
DA:484,0
DA:486,0
DA:498,0
DA:505,0
DA:506,0
DA:517,3
LF:119
LH:46
BRDA:16,0,0,3
BRDA:16,0,1,14
BRDA:16,1,0,17
BRDA:16,1,1,14
BRDA:16,1,2,14
BRDA:27,2,0,3
BRDA:27,2,1,11
BRDA:38,3,0,3
BRDA:38,3,1,8
BRDA:54,4,0,0
BRDA:54,4,1,8
BRDA:62,5,0,3
BRDA:62,5,1,5
BRDA:96,6,0,0
BRDA:96,6,1,5
BRDA:121,7,0,1
BRDA:121,7,1,2
BRDA:133,8,0,1
BRDA:133,8,1,1
BRDA:203,9,0,0
BRDA:203,9,1,0
BRDA:229,10,0,0
BRDA:229,10,1,0
BRDA:254,11,0,0
BRDA:254,11,1,0
BRDA:267,12,0,0
BRDA:267,12,1,0
BRDA:303,13,0,0
BRDA:303,13,1,0
BRDA:338,14,0,0
BRDA:338,14,1,0
BRDA:391,15,0,0
BRDA:391,15,1,0
BRDA:404,16,0,0
BRDA:404,16,1,0
BRDA:440,17,0,0
BRDA:440,17,1,0
BRDA:475,18,0,0
BRDA:475,18,1,0
BRF:39
BRH:17
end_of_record
TN:
SF:middleware\authenticate.js
FN:4,(anonymous_0)
FN:16,(anonymous_1)
FN:56,(anonymous_2)
FN:69,(anonymous_3)
FN:121,(anonymous_4)
FN:127,(anonymous_5)
FNF:6
FNH:3
FNDA:0,(anonymous_0)
FNDA:0,(anonymous_1)
FNDA:3,(anonymous_2)
FNDA:2,(anonymous_3)
FNDA:2,(anonymous_4)
FNDA:0,(anonymous_5)
DA:1,3
DA:2,3
DA:4,3
DA:5,0
DA:6,0
DA:7,0
DA:8,0
DA:16,0
DA:17,0
DA:18,0
DA:20,0
DA:27,0
DA:29,0
DA:38,0
DA:39,0
DA:48,0
DA:49,0
DA:50,0
DA:51,0
DA:52,0
DA:56,3
DA:57,3
DA:58,3
DA:59,3
DA:60,1
DA:68,2
DA:70,2
DA:71,1
DA:73,0
DA:80,1
DA:82,1
DA:91,0
DA:92,0
DA:101,1
DA:102,1
DA:103,1
DA:111,0
DA:113,0
DA:114,0
DA:115,0
DA:116,0
DA:117,0
DA:121,3
DA:122,2
DA:123,2
DA:124,2
DA:125,2
DA:127,0
DA:128,0
DA:129,0
DA:131,0
DA:138,0
DA:140,0
DA:149,0
DA:150,0
DA:159,0
DA:160,0
DA:161,0
DA:162,0
DA:163,0
DA:169,3
LF:61
LH:22
BRDA:6,0,0,0
BRDA:6,0,1,0
BRDA:7,1,0,0
BRDA:7,1,1,0
BRDA:17,2,0,0
BRDA:17,2,1,0
BRDA:18,3,0,0
BRDA:18,3,1,0
BRDA:27,4,0,0
BRDA:27,4,1,0
BRDA:58,5,0,3
BRDA:58,5,1,2
BRDA:59,6,0,1
BRDA:59,6,1,2
BRDA:70,7,0,1
BRDA:70,7,1,1
BRDA:71,8,0,0
BRDA:71,8,1,1
BRDA:80,9,0,1
BRDA:80,9,1,0
BRDA:102,10,0,1
BRDA:102,10,1,0
BRDA:123,11,0,2
BRDA:123,11,1,0
BRDA:124,12,0,2
BRDA:124,12,1,0
BRDA:128,13,0,0
BRDA:128,13,1,0
BRDA:129,14,0,0
BRDA:129,14,1,0
BRDA:138,15,0,0
BRDA:138,15,1,0
BRF:32
BRH:11
end_of_record
TN:
SF:routes\lodgingsRoute.js
FNF:0
FNH:0
DA:2,3
DA:3,3
DA:7,3
DA:8,3
DA:10,3
DA:11,3
DA:13,3
LF:7
LH:7
BRF:0
BRH:0
end_of_record
TN:
SF:routes\tourismsRoute.js
FNF:0
FNH:0
DA:2,3
DA:3,3
DA:10,3
DA:11,3
DA:13,3
DA:14,3
DA:15,3
DA:16,3
DA:17,3
DA:19,3
LF:10
LH:10
BRF:0
BRH:0
end_of_record
TN:
SF:routes\userRoute.js
FNF:0
FNH:0
DA:2,3
DA:3,3
DA:5,3
DA:17,3
DA:19,3
DA:20,3
DA:21,3
DA:22,3
DA:23,3
DA:24,3
DA:26,3
DA:28,3
DA:30,3
DA:32,3
DA:34,3
DA:37,3
LF:16
LH:16
BRF:0
BRH:0
end_of_record
TN:
SF:utils\creation.js
FN:6,(anonymous_0)
FN:11,(anonymous_1)
FN:18,(anonymous_2)
FN:25,(anonymous_3)
FNF:4
FNH:3
FNDA:5,(anonymous_0)
FNDA:0,(anonymous_1)
FNDA:1,(anonymous_2)
FNDA:1,(anonymous_3)
DA:1,3
DA:2,3
DA:3,3
DA:4,3
DA:6,3
DA:7,5
DA:9,5
DA:11,5
DA:12,0
DA:15,5
DA:18,3
DA:19,1
DA:22,1
DA:25,3
DA:26,1
DA:29,1
DA:32,3
LF:17
LH:16
BRF:0
BRH:0
end_of_record
TN:
SF:utils\validation.js
FN:1,(anonymous_0)
FN:7,(anonymous_1)
FNF:2
FNH:2
FNDA:14,(anonymous_0)
FNDA:11,(anonymous_1)
DA:1,3
DA:2,14
DA:7,3
DA:8,11
DA:14,3
LF:5
LH:5
BRF:0
BRH:0
end_of_record
